

Started GET "/assets/rails.png" for 138.67.205.249 at 2012-02-15 21:53:28 -0700


Started GET "/rails/info/properties" for 138.67.205.249 at 2012-02-15 21:53:28 -0700
Served asset /rails.png - 200 OK (30ms)
Processing by Rails::InfoController#properties as */*
  Rendered inline template (8.5ms)
Completed 200 OK in 86ms (Views: 84.1ms | ActiveRecord: 0.0ms)


Started GET "/articles" for 138.67.205.249 at 2012-02-15 22:26:40 -0700

ActionController::RoutingError (No route matches [GET] "/articles"):
  actionpack (3.2.1) lib/action_dispatch/middleware/debug_exceptions.rb:21:in `call'
  actionpack (3.2.1) lib/action_dispatch/middleware/show_exceptions.rb:56:in `call'
  railties (3.2.1) lib/rails/rack/logger.rb:26:in `call_app'
  railties (3.2.1) lib/rails/rack/logger.rb:16:in `call'
  actionpack (3.2.1) lib/action_dispatch/middleware/request_id.rb:22:in `call'
  rack (1.4.1) lib/rack/methodoverride.rb:21:in `call'
  rack (1.4.1) lib/rack/runtime.rb:17:in `call'
  activesupport (3.2.1) lib/active_support/cache/strategy/local_cache.rb:72:in `call'
  rack (1.4.1) lib/rack/lock.rb:15:in `call'
  actionpack (3.2.1) lib/action_dispatch/middleware/static.rb:53:in `call'
  railties (3.2.1) lib/rails/engine.rb:479:in `call'
  railties (3.2.1) lib/rails/application.rb:220:in `call'
  railties (3.2.1) lib/rails/railtie/configurable.rb:30:in `method_missing'
  passenger (3.0.11) lib/phusion_passenger/rack/request_handler.rb:96:in `process_request'
  passenger (3.0.11) lib/phusion_passenger/abstract_request_handler.rb:513:in `accept_and_process_next_request'
  passenger (3.0.11) lib/phusion_passenger/abstract_request_handler.rb:274:in `main_loop'
  passenger (3.0.11) lib/phusion_passenger/rack/application_spawner.rb:206:in `start_request_handler'
  passenger (3.0.11) lib/phusion_passenger/rack/application_spawner.rb:171:in `block in handle_spawn_application'
  passenger (3.0.11) lib/phusion_passenger/utils.rb:479:in `safe_fork'
  passenger (3.0.11) lib/phusion_passenger/rack/application_spawner.rb:166:in `handle_spawn_application'
  passenger (3.0.11) lib/phusion_passenger/abstract_server.rb:357:in `server_main_loop'
  passenger (3.0.11) lib/phusion_passenger/abstract_server.rb:206:in `start_synchronously'
  passenger (3.0.11) lib/phusion_passenger/abstract_server.rb:180:in `start'
  passenger (3.0.11) lib/phusion_passenger/rack/application_spawner.rb:129:in `start'
  passenger (3.0.11) lib/phusion_passenger/spawn_manager.rb:253:in `block (2 levels) in spawn_rack_application'
  passenger (3.0.11) lib/phusion_passenger/abstract_server_collection.rb:132:in `lookup_or_add'
  passenger (3.0.11) lib/phusion_passenger/spawn_manager.rb:246:in `block in spawn_rack_application'
  passenger (3.0.11) lib/phusion_passenger/abstract_server_collection.rb:82:in `block in synchronize'
  <internal:prelude>:10:in `synchronize'
  passenger (3.0.11) lib/phusion_passenger/abstract_server_collection.rb:79:in `synchronize'
  passenger (3.0.11) lib/phusion_passenger/spawn_manager.rb:244:in `spawn_rack_application'
  passenger (3.0.11) lib/phusion_passenger/spawn_manager.rb:137:in `spawn_application'
  passenger (3.0.11) lib/phusion_passenger/spawn_manager.rb:275:in `handle_spawn_application'
  passenger (3.0.11) lib/phusion_passenger/abstract_server.rb:357:in `server_main_loop'
  passenger (3.0.11) lib/phusion_passenger/abstract_server.rb:206:in `start_synchronously'
  passenger (3.0.11) helper-scripts/passenger-spawn-server:99:in `<main>'


  Rendered /var/lib/gems/1.9.1/gems/actionpack-3.2.1/lib/action_dispatch/middleware/templates/rescues/routing_error.erb within rescues/layout (2.3ms)


Started GET "/articles" for 138.67.205.249 at 2012-02-15 22:28:17 -0700

ActionController::RoutingError (No route matches [GET] "/articles"):
  actionpack (3.2.1) lib/action_dispatch/middleware/debug_exceptions.rb:21:in `call'
  actionpack (3.2.1) lib/action_dispatch/middleware/show_exceptions.rb:56:in `call'
  railties (3.2.1) lib/rails/rack/logger.rb:26:in `call_app'
  railties (3.2.1) lib/rails/rack/logger.rb:16:in `call'
  actionpack (3.2.1) lib/action_dispatch/middleware/request_id.rb:22:in `call'
  rack (1.4.1) lib/rack/methodoverride.rb:21:in `call'
  rack (1.4.1) lib/rack/runtime.rb:17:in `call'
  activesupport (3.2.1) lib/active_support/cache/strategy/local_cache.rb:72:in `call'
  rack (1.4.1) lib/rack/lock.rb:15:in `call'
  actionpack (3.2.1) lib/action_dispatch/middleware/static.rb:53:in `call'
  railties (3.2.1) lib/rails/engine.rb:479:in `call'
  railties (3.2.1) lib/rails/application.rb:220:in `call'
  railties (3.2.1) lib/rails/railtie/configurable.rb:30:in `method_missing'
  passenger (3.0.11) lib/phusion_passenger/rack/request_handler.rb:96:in `process_request'
  passenger (3.0.11) lib/phusion_passenger/abstract_request_handler.rb:513:in `accept_and_process_next_request'
  passenger (3.0.11) lib/phusion_passenger/abstract_request_handler.rb:274:in `main_loop'
  passenger (3.0.11) lib/phusion_passenger/rack/application_spawner.rb:206:in `start_request_handler'
  passenger (3.0.11) lib/phusion_passenger/rack/application_spawner.rb:171:in `block in handle_spawn_application'
  passenger (3.0.11) lib/phusion_passenger/utils.rb:479:in `safe_fork'
  passenger (3.0.11) lib/phusion_passenger/rack/application_spawner.rb:166:in `handle_spawn_application'
  passenger (3.0.11) lib/phusion_passenger/abstract_server.rb:357:in `server_main_loop'
  passenger (3.0.11) lib/phusion_passenger/abstract_server.rb:206:in `start_synchronously'
  passenger (3.0.11) lib/phusion_passenger/abstract_server.rb:180:in `start'
  passenger (3.0.11) lib/phusion_passenger/rack/application_spawner.rb:129:in `start'
  passenger (3.0.11) lib/phusion_passenger/spawn_manager.rb:253:in `block (2 levels) in spawn_rack_application'
  passenger (3.0.11) lib/phusion_passenger/abstract_server_collection.rb:132:in `lookup_or_add'
  passenger (3.0.11) lib/phusion_passenger/spawn_manager.rb:246:in `block in spawn_rack_application'
  passenger (3.0.11) lib/phusion_passenger/abstract_server_collection.rb:82:in `block in synchronize'
  <internal:prelude>:10:in `synchronize'
  passenger (3.0.11) lib/phusion_passenger/abstract_server_collection.rb:79:in `synchronize'
  passenger (3.0.11) lib/phusion_passenger/spawn_manager.rb:244:in `spawn_rack_application'
  passenger (3.0.11) lib/phusion_passenger/spawn_manager.rb:137:in `spawn_application'
  passenger (3.0.11) lib/phusion_passenger/spawn_manager.rb:275:in `handle_spawn_application'
  passenger (3.0.11) lib/phusion_passenger/abstract_server.rb:357:in `server_main_loop'
  passenger (3.0.11) lib/phusion_passenger/abstract_server.rb:206:in `start_synchronously'
  passenger (3.0.11) helper-scripts/passenger-spawn-server:99:in `<main>'


  Rendered /var/lib/gems/1.9.1/gems/actionpack-3.2.1/lib/action_dispatch/middleware/templates/rescues/routing_error.erb within rescues/layout (2.1ms)


Started GET "/articles" for 138.67.205.249 at 2012-02-15 22:28:20 -0700

ActionController::RoutingError (No route matches [GET] "/articles"):
  actionpack (3.2.1) lib/action_dispatch/middleware/debug_exceptions.rb:21:in `call'
  actionpack (3.2.1) lib/action_dispatch/middleware/show_exceptions.rb:56:in `call'
  railties (3.2.1) lib/rails/rack/logger.rb:26:in `call_app'
  railties (3.2.1) lib/rails/rack/logger.rb:16:in `call'
  actionpack (3.2.1) lib/action_dispatch/middleware/request_id.rb:22:in `call'
  rack (1.4.1) lib/rack/methodoverride.rb:21:in `call'
  rack (1.4.1) lib/rack/runtime.rb:17:in `call'
  activesupport (3.2.1) lib/active_support/cache/strategy/local_cache.rb:72:in `call'
  rack (1.4.1) lib/rack/lock.rb:15:in `call'
  actionpack (3.2.1) lib/action_dispatch/middleware/static.rb:53:in `call'
  railties (3.2.1) lib/rails/engine.rb:479:in `call'
  railties (3.2.1) lib/rails/application.rb:220:in `call'
  railties (3.2.1) lib/rails/railtie/configurable.rb:30:in `method_missing'
  passenger (3.0.11) lib/phusion_passenger/rack/request_handler.rb:96:in `process_request'
  passenger (3.0.11) lib/phusion_passenger/abstract_request_handler.rb:513:in `accept_and_process_next_request'
  passenger (3.0.11) lib/phusion_passenger/abstract_request_handler.rb:274:in `main_loop'
  passenger (3.0.11) lib/phusion_passenger/rack/application_spawner.rb:206:in `start_request_handler'
  passenger (3.0.11) lib/phusion_passenger/rack/application_spawner.rb:171:in `block in handle_spawn_application'
  passenger (3.0.11) lib/phusion_passenger/utils.rb:479:in `safe_fork'
  passenger (3.0.11) lib/phusion_passenger/rack/application_spawner.rb:166:in `handle_spawn_application'
  passenger (3.0.11) lib/phusion_passenger/abstract_server.rb:357:in `server_main_loop'
  passenger (3.0.11) lib/phusion_passenger/abstract_server.rb:206:in `start_synchronously'
  passenger (3.0.11) lib/phusion_passenger/abstract_server.rb:180:in `start'
  passenger (3.0.11) lib/phusion_passenger/rack/application_spawner.rb:129:in `start'
  passenger (3.0.11) lib/phusion_passenger/spawn_manager.rb:253:in `block (2 levels) in spawn_rack_application'
  passenger (3.0.11) lib/phusion_passenger/abstract_server_collection.rb:132:in `lookup_or_add'
  passenger (3.0.11) lib/phusion_passenger/spawn_manager.rb:246:in `block in spawn_rack_application'
  passenger (3.0.11) lib/phusion_passenger/abstract_server_collection.rb:82:in `block in synchronize'
  <internal:prelude>:10:in `synchronize'
  passenger (3.0.11) lib/phusion_passenger/abstract_server_collection.rb:79:in `synchronize'
  passenger (3.0.11) lib/phusion_passenger/spawn_manager.rb:244:in `spawn_rack_application'
  passenger (3.0.11) lib/phusion_passenger/spawn_manager.rb:137:in `spawn_application'
  passenger (3.0.11) lib/phusion_passenger/spawn_manager.rb:275:in `handle_spawn_application'
  passenger (3.0.11) lib/phusion_passenger/abstract_server.rb:357:in `server_main_loop'
  passenger (3.0.11) lib/phusion_passenger/abstract_server.rb:206:in `start_synchronously'
  passenger (3.0.11) helper-scripts/passenger-spawn-server:99:in `<main>'


  Rendered /var/lib/gems/1.9.1/gems/actionpack-3.2.1/lib/action_dispatch/middleware/templates/rescues/routing_error.erb within rescues/layout (2.1ms)


Started GET "/assets/rails.png" for 138.67.205.249 at 2012-02-15 22:28:22 -0700
Served asset /rails.png - 304 Not Modified (11ms)


Started GET "/articles" for 138.67.205.249 at 2012-02-15 22:28:27 -0700

ActionController::RoutingError (No route matches [GET] "/articles"):
  actionpack (3.2.1) lib/action_dispatch/middleware/debug_exceptions.rb:21:in `call'
  actionpack (3.2.1) lib/action_dispatch/middleware/show_exceptions.rb:56:in `call'
  railties (3.2.1) lib/rails/rack/logger.rb:26:in `call_app'
  railties (3.2.1) lib/rails/rack/logger.rb:16:in `call'
  actionpack (3.2.1) lib/action_dispatch/middleware/request_id.rb:22:in `call'
  rack (1.4.1) lib/rack/methodoverride.rb:21:in `call'
  rack (1.4.1) lib/rack/runtime.rb:17:in `call'
  activesupport (3.2.1) lib/active_support/cache/strategy/local_cache.rb:72:in `call'
  rack (1.4.1) lib/rack/lock.rb:15:in `call'
  actionpack (3.2.1) lib/action_dispatch/middleware/static.rb:53:in `call'
  railties (3.2.1) lib/rails/engine.rb:479:in `call'
  railties (3.2.1) lib/rails/application.rb:220:in `call'
  railties (3.2.1) lib/rails/railtie/configurable.rb:30:in `method_missing'
  passenger (3.0.11) lib/phusion_passenger/rack/request_handler.rb:96:in `process_request'
  passenger (3.0.11) lib/phusion_passenger/abstract_request_handler.rb:513:in `accept_and_process_next_request'
  passenger (3.0.11) lib/phusion_passenger/abstract_request_handler.rb:274:in `main_loop'
  passenger (3.0.11) lib/phusion_passenger/rack/application_spawner.rb:206:in `start_request_handler'
  passenger (3.0.11) lib/phusion_passenger/rack/application_spawner.rb:171:in `block in handle_spawn_application'
  passenger (3.0.11) lib/phusion_passenger/utils.rb:479:in `safe_fork'
  passenger (3.0.11) lib/phusion_passenger/rack/application_spawner.rb:166:in `handle_spawn_application'
  passenger (3.0.11) lib/phusion_passenger/abstract_server.rb:357:in `server_main_loop'
  passenger (3.0.11) lib/phusion_passenger/abstract_server.rb:206:in `start_synchronously'
  passenger (3.0.11) lib/phusion_passenger/abstract_server.rb:180:in `start'
  passenger (3.0.11) lib/phusion_passenger/rack/application_spawner.rb:129:in `start'
  passenger (3.0.11) lib/phusion_passenger/spawn_manager.rb:253:in `block (2 levels) in spawn_rack_application'
  passenger (3.0.11) lib/phusion_passenger/abstract_server_collection.rb:132:in `lookup_or_add'
  passenger (3.0.11) lib/phusion_passenger/spawn_manager.rb:246:in `block in spawn_rack_application'
  passenger (3.0.11) lib/phusion_passenger/abstract_server_collection.rb:82:in `block in synchronize'
  <internal:prelude>:10:in `synchronize'
  passenger (3.0.11) lib/phusion_passenger/abstract_server_collection.rb:79:in `synchronize'
  passenger (3.0.11) lib/phusion_passenger/spawn_manager.rb:244:in `spawn_rack_application'
  passenger (3.0.11) lib/phusion_passenger/spawn_manager.rb:137:in `spawn_application'
  passenger (3.0.11) lib/phusion_passenger/spawn_manager.rb:275:in `handle_spawn_application'
  passenger (3.0.11) lib/phusion_passenger/abstract_server.rb:357:in `server_main_loop'
  passenger (3.0.11) lib/phusion_passenger/abstract_server.rb:206:in `start_synchronously'
  passenger (3.0.11) helper-scripts/passenger-spawn-server:99:in `<main>'


  Rendered /var/lib/gems/1.9.1/gems/actionpack-3.2.1/lib/action_dispatch/middleware/templates/rescues/routing_error.erb within rescues/layout (2.0ms)


Started GET "/Articles" for 138.67.205.249 at 2012-02-15 22:28:33 -0700

ActionController::RoutingError (No route matches [GET] "/Articles"):
  actionpack (3.2.1) lib/action_dispatch/middleware/debug_exceptions.rb:21:in `call'
  actionpack (3.2.1) lib/action_dispatch/middleware/show_exceptions.rb:56:in `call'
  railties (3.2.1) lib/rails/rack/logger.rb:26:in `call_app'
  railties (3.2.1) lib/rails/rack/logger.rb:16:in `call'
  actionpack (3.2.1) lib/action_dispatch/middleware/request_id.rb:22:in `call'
  rack (1.4.1) lib/rack/methodoverride.rb:21:in `call'
  rack (1.4.1) lib/rack/runtime.rb:17:in `call'
  activesupport (3.2.1) lib/active_support/cache/strategy/local_cache.rb:72:in `call'
  rack (1.4.1) lib/rack/lock.rb:15:in `call'
  actionpack (3.2.1) lib/action_dispatch/middleware/static.rb:53:in `call'
  railties (3.2.1) lib/rails/engine.rb:479:in `call'
  railties (3.2.1) lib/rails/application.rb:220:in `call'
  railties (3.2.1) lib/rails/railtie/configurable.rb:30:in `method_missing'
  passenger (3.0.11) lib/phusion_passenger/rack/request_handler.rb:96:in `process_request'
  passenger (3.0.11) lib/phusion_passenger/abstract_request_handler.rb:513:in `accept_and_process_next_request'
  passenger (3.0.11) lib/phusion_passenger/abstract_request_handler.rb:274:in `main_loop'
  passenger (3.0.11) lib/phusion_passenger/rack/application_spawner.rb:206:in `start_request_handler'
  passenger (3.0.11) lib/phusion_passenger/rack/application_spawner.rb:171:in `block in handle_spawn_application'
  passenger (3.0.11) lib/phusion_passenger/utils.rb:479:in `safe_fork'
  passenger (3.0.11) lib/phusion_passenger/rack/application_spawner.rb:166:in `handle_spawn_application'
  passenger (3.0.11) lib/phusion_passenger/abstract_server.rb:357:in `server_main_loop'
  passenger (3.0.11) lib/phusion_passenger/abstract_server.rb:206:in `start_synchronously'
  passenger (3.0.11) lib/phusion_passenger/abstract_server.rb:180:in `start'
  passenger (3.0.11) lib/phusion_passenger/rack/application_spawner.rb:129:in `start'
  passenger (3.0.11) lib/phusion_passenger/spawn_manager.rb:253:in `block (2 levels) in spawn_rack_application'
  passenger (3.0.11) lib/phusion_passenger/abstract_server_collection.rb:132:in `lookup_or_add'
  passenger (3.0.11) lib/phusion_passenger/spawn_manager.rb:246:in `block in spawn_rack_application'
  passenger (3.0.11) lib/phusion_passenger/abstract_server_collection.rb:82:in `block in synchronize'
  <internal:prelude>:10:in `synchronize'
  passenger (3.0.11) lib/phusion_passenger/abstract_server_collection.rb:79:in `synchronize'
  passenger (3.0.11) lib/phusion_passenger/spawn_manager.rb:244:in `spawn_rack_application'
  passenger (3.0.11) lib/phusion_passenger/spawn_manager.rb:137:in `spawn_application'
  passenger (3.0.11) lib/phusion_passenger/spawn_manager.rb:275:in `handle_spawn_application'
  passenger (3.0.11) lib/phusion_passenger/abstract_server.rb:357:in `server_main_loop'
  passenger (3.0.11) lib/phusion_passenger/abstract_server.rb:206:in `start_synchronously'
  passenger (3.0.11) helper-scripts/passenger-spawn-server:99:in `<main>'


  Rendered /var/lib/gems/1.9.1/gems/actionpack-3.2.1/lib/action_dispatch/middleware/templates/rescues/routing_error.erb within rescues/layout (2.0ms)


Started GET "/articles" for 138.67.205.249 at 2012-02-15 22:31:33 -0700

ActionController::RoutingError (No route matches [GET] "/articles"):
  actionpack (3.2.1) lib/action_dispatch/middleware/debug_exceptions.rb:21:in `call'
  actionpack (3.2.1) lib/action_dispatch/middleware/show_exceptions.rb:56:in `call'
  railties (3.2.1) lib/rails/rack/logger.rb:26:in `call_app'
  railties (3.2.1) lib/rails/rack/logger.rb:16:in `call'
  actionpack (3.2.1) lib/action_dispatch/middleware/request_id.rb:22:in `call'
  rack (1.4.1) lib/rack/methodoverride.rb:21:in `call'
  rack (1.4.1) lib/rack/runtime.rb:17:in `call'
  activesupport (3.2.1) lib/active_support/cache/strategy/local_cache.rb:72:in `call'
  rack (1.4.1) lib/rack/lock.rb:15:in `call'
  actionpack (3.2.1) lib/action_dispatch/middleware/static.rb:53:in `call'
  railties (3.2.1) lib/rails/engine.rb:479:in `call'
  railties (3.2.1) lib/rails/application.rb:220:in `call'
  railties (3.2.1) lib/rails/railtie/configurable.rb:30:in `method_missing'
  passenger (3.0.11) lib/phusion_passenger/rack/request_handler.rb:96:in `process_request'
  passenger (3.0.11) lib/phusion_passenger/abstract_request_handler.rb:513:in `accept_and_process_next_request'
  passenger (3.0.11) lib/phusion_passenger/abstract_request_handler.rb:274:in `main_loop'
  passenger (3.0.11) lib/phusion_passenger/rack/application_spawner.rb:206:in `start_request_handler'
  passenger (3.0.11) lib/phusion_passenger/rack/application_spawner.rb:171:in `block in handle_spawn_application'
  passenger (3.0.11) lib/phusion_passenger/utils.rb:479:in `safe_fork'
  passenger (3.0.11) lib/phusion_passenger/rack/application_spawner.rb:166:in `handle_spawn_application'
  passenger (3.0.11) lib/phusion_passenger/abstract_server.rb:357:in `server_main_loop'
  passenger (3.0.11) lib/phusion_passenger/abstract_server.rb:206:in `start_synchronously'
  passenger (3.0.11) lib/phusion_passenger/abstract_server.rb:180:in `start'
  passenger (3.0.11) lib/phusion_passenger/rack/application_spawner.rb:129:in `start'
  passenger (3.0.11) lib/phusion_passenger/spawn_manager.rb:253:in `block (2 levels) in spawn_rack_application'
  passenger (3.0.11) lib/phusion_passenger/abstract_server_collection.rb:132:in `lookup_or_add'
  passenger (3.0.11) lib/phusion_passenger/spawn_manager.rb:246:in `block in spawn_rack_application'
  passenger (3.0.11) lib/phusion_passenger/abstract_server_collection.rb:82:in `block in synchronize'
  <internal:prelude>:10:in `synchronize'
  passenger (3.0.11) lib/phusion_passenger/abstract_server_collection.rb:79:in `synchronize'
  passenger (3.0.11) lib/phusion_passenger/spawn_manager.rb:244:in `spawn_rack_application'
  passenger (3.0.11) lib/phusion_passenger/spawn_manager.rb:137:in `spawn_application'
  passenger (3.0.11) lib/phusion_passenger/spawn_manager.rb:275:in `handle_spawn_application'
  passenger (3.0.11) lib/phusion_passenger/abstract_server.rb:357:in `server_main_loop'
  passenger (3.0.11) lib/phusion_passenger/abstract_server.rb:206:in `start_synchronously'
  passenger (3.0.11) helper-scripts/passenger-spawn-server:99:in `<main>'


  Rendered /var/lib/gems/1.9.1/gems/actionpack-3.2.1/lib/action_dispatch/middleware/templates/rescues/routing_error.erb within rescues/layout (2.1ms)


Started GET "/articles" for 138.67.205.249 at 2012-02-15 22:32:30 -0700

ActionController::RoutingError (No route matches [GET] "/articles"):
  actionpack (3.2.1) lib/action_dispatch/middleware/debug_exceptions.rb:21:in `call'
  actionpack (3.2.1) lib/action_dispatch/middleware/show_exceptions.rb:56:in `call'
  railties (3.2.1) lib/rails/rack/logger.rb:26:in `call_app'
  railties (3.2.1) lib/rails/rack/logger.rb:16:in `call'
  actionpack (3.2.1) lib/action_dispatch/middleware/request_id.rb:22:in `call'
  rack (1.4.1) lib/rack/methodoverride.rb:21:in `call'
  rack (1.4.1) lib/rack/runtime.rb:17:in `call'
  activesupport (3.2.1) lib/active_support/cache/strategy/local_cache.rb:72:in `call'
  rack (1.4.1) lib/rack/lock.rb:15:in `call'
  actionpack (3.2.1) lib/action_dispatch/middleware/static.rb:53:in `call'
  railties (3.2.1) lib/rails/engine.rb:479:in `call'
  railties (3.2.1) lib/rails/application.rb:220:in `call'
  railties (3.2.1) lib/rails/railtie/configurable.rb:30:in `method_missing'
  passenger (3.0.11) lib/phusion_passenger/rack/request_handler.rb:96:in `process_request'
  passenger (3.0.11) lib/phusion_passenger/abstract_request_handler.rb:513:in `accept_and_process_next_request'
  passenger (3.0.11) lib/phusion_passenger/abstract_request_handler.rb:274:in `main_loop'
  passenger (3.0.11) lib/phusion_passenger/rack/application_spawner.rb:206:in `start_request_handler'
  passenger (3.0.11) lib/phusion_passenger/rack/application_spawner.rb:171:in `block in handle_spawn_application'
  passenger (3.0.11) lib/phusion_passenger/utils.rb:479:in `safe_fork'
  passenger (3.0.11) lib/phusion_passenger/rack/application_spawner.rb:166:in `handle_spawn_application'
  passenger (3.0.11) lib/phusion_passenger/abstract_server.rb:357:in `server_main_loop'
  passenger (3.0.11) lib/phusion_passenger/abstract_server.rb:206:in `start_synchronously'
  passenger (3.0.11) lib/phusion_passenger/abstract_server.rb:180:in `start'
  passenger (3.0.11) lib/phusion_passenger/rack/application_spawner.rb:129:in `start'
  passenger (3.0.11) lib/phusion_passenger/spawn_manager.rb:253:in `block (2 levels) in spawn_rack_application'
  passenger (3.0.11) lib/phusion_passenger/abstract_server_collection.rb:132:in `lookup_or_add'
  passenger (3.0.11) lib/phusion_passenger/spawn_manager.rb:246:in `block in spawn_rack_application'
  passenger (3.0.11) lib/phusion_passenger/abstract_server_collection.rb:82:in `block in synchronize'
  <internal:prelude>:10:in `synchronize'
  passenger (3.0.11) lib/phusion_passenger/abstract_server_collection.rb:79:in `synchronize'
  passenger (3.0.11) lib/phusion_passenger/spawn_manager.rb:244:in `spawn_rack_application'
  passenger (3.0.11) lib/phusion_passenger/spawn_manager.rb:137:in `spawn_application'
  passenger (3.0.11) lib/phusion_passenger/spawn_manager.rb:275:in `handle_spawn_application'
  passenger (3.0.11) lib/phusion_passenger/abstract_server.rb:357:in `server_main_loop'
  passenger (3.0.11) lib/phusion_passenger/abstract_server.rb:206:in `start_synchronously'
  passenger (3.0.11) helper-scripts/passenger-spawn-server:99:in `<main>'


  Rendered /var/lib/gems/1.9.1/gems/actionpack-3.2.1/lib/action_dispatch/middleware/templates/rescues/routing_error.erb within rescues/layout (9.6ms)


Started GET "/article" for 138.67.205.249 at 2012-02-15 22:32:38 -0700

ActionController::RoutingError (No route matches [GET] "/article"):
  actionpack (3.2.1) lib/action_dispatch/middleware/debug_exceptions.rb:21:in `call'
  actionpack (3.2.1) lib/action_dispatch/middleware/show_exceptions.rb:56:in `call'
  railties (3.2.1) lib/rails/rack/logger.rb:26:in `call_app'
  railties (3.2.1) lib/rails/rack/logger.rb:16:in `call'
  actionpack (3.2.1) lib/action_dispatch/middleware/request_id.rb:22:in `call'
  rack (1.4.1) lib/rack/methodoverride.rb:21:in `call'
  rack (1.4.1) lib/rack/runtime.rb:17:in `call'
  activesupport (3.2.1) lib/active_support/cache/strategy/local_cache.rb:72:in `call'
  rack (1.4.1) lib/rack/lock.rb:15:in `call'
  actionpack (3.2.1) lib/action_dispatch/middleware/static.rb:53:in `call'
  railties (3.2.1) lib/rails/engine.rb:479:in `call'
  railties (3.2.1) lib/rails/application.rb:220:in `call'
  railties (3.2.1) lib/rails/railtie/configurable.rb:30:in `method_missing'
  passenger (3.0.11) lib/phusion_passenger/rack/request_handler.rb:96:in `process_request'
  passenger (3.0.11) lib/phusion_passenger/abstract_request_handler.rb:513:in `accept_and_process_next_request'
  passenger (3.0.11) lib/phusion_passenger/abstract_request_handler.rb:274:in `main_loop'
  passenger (3.0.11) lib/phusion_passenger/rack/application_spawner.rb:206:in `start_request_handler'
  passenger (3.0.11) lib/phusion_passenger/rack/application_spawner.rb:171:in `block in handle_spawn_application'
  passenger (3.0.11) lib/phusion_passenger/utils.rb:479:in `safe_fork'
  passenger (3.0.11) lib/phusion_passenger/rack/application_spawner.rb:166:in `handle_spawn_application'
  passenger (3.0.11) lib/phusion_passenger/abstract_server.rb:357:in `server_main_loop'
  passenger (3.0.11) lib/phusion_passenger/abstract_server.rb:206:in `start_synchronously'
  passenger (3.0.11) lib/phusion_passenger/abstract_server.rb:180:in `start'
  passenger (3.0.11) lib/phusion_passenger/rack/application_spawner.rb:129:in `start'
  passenger (3.0.11) lib/phusion_passenger/spawn_manager.rb:253:in `block (2 levels) in spawn_rack_application'
  passenger (3.0.11) lib/phusion_passenger/abstract_server_collection.rb:132:in `lookup_or_add'
  passenger (3.0.11) lib/phusion_passenger/spawn_manager.rb:246:in `block in spawn_rack_application'
  passenger (3.0.11) lib/phusion_passenger/abstract_server_collection.rb:82:in `block in synchronize'
  <internal:prelude>:10:in `synchronize'
  passenger (3.0.11) lib/phusion_passenger/abstract_server_collection.rb:79:in `synchronize'
  passenger (3.0.11) lib/phusion_passenger/spawn_manager.rb:244:in `spawn_rack_application'
  passenger (3.0.11) lib/phusion_passenger/spawn_manager.rb:137:in `spawn_application'
  passenger (3.0.11) lib/phusion_passenger/spawn_manager.rb:275:in `handle_spawn_application'
  passenger (3.0.11) lib/phusion_passenger/abstract_server.rb:357:in `server_main_loop'
  passenger (3.0.11) lib/phusion_passenger/abstract_server.rb:206:in `start_synchronously'
  passenger (3.0.11) helper-scripts/passenger-spawn-server:99:in `<main>'


  Rendered /var/lib/gems/1.9.1/gems/actionpack-3.2.1/lib/action_dispatch/middleware/templates/rescues/routing_error.erb within rescues/layout (2.0ms)


Started GET "/articles" for 138.67.205.249 at 2012-02-15 22:35:13 -0700

ActionController::RoutingError (No route matches [GET] "/articles"):
  actionpack (3.2.1) lib/action_dispatch/middleware/debug_exceptions.rb:21:in `call'
  actionpack (3.2.1) lib/action_dispatch/middleware/show_exceptions.rb:56:in `call'
  railties (3.2.1) lib/rails/rack/logger.rb:26:in `call_app'
  railties (3.2.1) lib/rails/rack/logger.rb:16:in `call'
  actionpack (3.2.1) lib/action_dispatch/middleware/request_id.rb:22:in `call'
  rack (1.4.1) lib/rack/methodoverride.rb:21:in `call'
  rack (1.4.1) lib/rack/runtime.rb:17:in `call'
  activesupport (3.2.1) lib/active_support/cache/strategy/local_cache.rb:72:in `call'
  rack (1.4.1) lib/rack/lock.rb:15:in `call'
  actionpack (3.2.1) lib/action_dispatch/middleware/static.rb:53:in `call'
  railties (3.2.1) lib/rails/engine.rb:479:in `call'
  railties (3.2.1) lib/rails/application.rb:220:in `call'
  railties (3.2.1) lib/rails/railtie/configurable.rb:30:in `method_missing'
  passenger (3.0.11) lib/phusion_passenger/rack/request_handler.rb:96:in `process_request'
  passenger (3.0.11) lib/phusion_passenger/abstract_request_handler.rb:513:in `accept_and_process_next_request'
  passenger (3.0.11) lib/phusion_passenger/abstract_request_handler.rb:274:in `main_loop'
  passenger (3.0.11) lib/phusion_passenger/rack/application_spawner.rb:206:in `start_request_handler'
  passenger (3.0.11) lib/phusion_passenger/rack/application_spawner.rb:171:in `block in handle_spawn_application'
  passenger (3.0.11) lib/phusion_passenger/utils.rb:479:in `safe_fork'
  passenger (3.0.11) lib/phusion_passenger/rack/application_spawner.rb:166:in `handle_spawn_application'
  passenger (3.0.11) lib/phusion_passenger/abstract_server.rb:357:in `server_main_loop'
  passenger (3.0.11) lib/phusion_passenger/abstract_server.rb:206:in `start_synchronously'
  passenger (3.0.11) lib/phusion_passenger/abstract_server.rb:180:in `start'
  passenger (3.0.11) lib/phusion_passenger/rack/application_spawner.rb:129:in `start'
  passenger (3.0.11) lib/phusion_passenger/spawn_manager.rb:253:in `block (2 levels) in spawn_rack_application'
  passenger (3.0.11) lib/phusion_passenger/abstract_server_collection.rb:132:in `lookup_or_add'
  passenger (3.0.11) lib/phusion_passenger/spawn_manager.rb:246:in `block in spawn_rack_application'
  passenger (3.0.11) lib/phusion_passenger/abstract_server_collection.rb:82:in `block in synchronize'
  <internal:prelude>:10:in `synchronize'
  passenger (3.0.11) lib/phusion_passenger/abstract_server_collection.rb:79:in `synchronize'
  passenger (3.0.11) lib/phusion_passenger/spawn_manager.rb:244:in `spawn_rack_application'
  passenger (3.0.11) lib/phusion_passenger/spawn_manager.rb:137:in `spawn_application'
  passenger (3.0.11) lib/phusion_passenger/spawn_manager.rb:275:in `handle_spawn_application'
  passenger (3.0.11) lib/phusion_passenger/abstract_server.rb:357:in `server_main_loop'
  passenger (3.0.11) lib/phusion_passenger/abstract_server.rb:206:in `start_synchronously'
  passenger (3.0.11) helper-scripts/passenger-spawn-server:99:in `<main>'


  Rendered /var/lib/gems/1.9.1/gems/actionpack-3.2.1/lib/action_dispatch/middleware/templates/rescues/routing_error.erb within rescues/layout (2.0ms)


Started GET "/articles" for 138.67.205.249 at 2012-02-15 22:35:31 -0700

ActionController::RoutingError (No route matches [GET] "/articles"):
  actionpack (3.2.1) lib/action_dispatch/middleware/debug_exceptions.rb:21:in `call'
  actionpack (3.2.1) lib/action_dispatch/middleware/show_exceptions.rb:56:in `call'
  railties (3.2.1) lib/rails/rack/logger.rb:26:in `call_app'
  railties (3.2.1) lib/rails/rack/logger.rb:16:in `call'
  actionpack (3.2.1) lib/action_dispatch/middleware/request_id.rb:22:in `call'
  rack (1.4.1) lib/rack/methodoverride.rb:21:in `call'
  rack (1.4.1) lib/rack/runtime.rb:17:in `call'
  activesupport (3.2.1) lib/active_support/cache/strategy/local_cache.rb:72:in `call'
  rack (1.4.1) lib/rack/lock.rb:15:in `call'
  actionpack (3.2.1) lib/action_dispatch/middleware/static.rb:53:in `call'
  railties (3.2.1) lib/rails/engine.rb:479:in `call'
  railties (3.2.1) lib/rails/application.rb:220:in `call'
  railties (3.2.1) lib/rails/railtie/configurable.rb:30:in `method_missing'
  passenger (3.0.11) lib/phusion_passenger/rack/request_handler.rb:96:in `process_request'
  passenger (3.0.11) lib/phusion_passenger/abstract_request_handler.rb:513:in `accept_and_process_next_request'
  passenger (3.0.11) lib/phusion_passenger/abstract_request_handler.rb:274:in `main_loop'
  passenger (3.0.11) lib/phusion_passenger/rack/application_spawner.rb:206:in `start_request_handler'
  passenger (3.0.11) lib/phusion_passenger/rack/application_spawner.rb:171:in `block in handle_spawn_application'
  passenger (3.0.11) lib/phusion_passenger/utils.rb:479:in `safe_fork'
  passenger (3.0.11) lib/phusion_passenger/rack/application_spawner.rb:166:in `handle_spawn_application'
  passenger (3.0.11) lib/phusion_passenger/abstract_server.rb:357:in `server_main_loop'
  passenger (3.0.11) lib/phusion_passenger/abstract_server.rb:206:in `start_synchronously'
  passenger (3.0.11) lib/phusion_passenger/abstract_server.rb:180:in `start'
  passenger (3.0.11) lib/phusion_passenger/rack/application_spawner.rb:129:in `start'
  passenger (3.0.11) lib/phusion_passenger/spawn_manager.rb:253:in `block (2 levels) in spawn_rack_application'
  passenger (3.0.11) lib/phusion_passenger/abstract_server_collection.rb:132:in `lookup_or_add'
  passenger (3.0.11) lib/phusion_passenger/spawn_manager.rb:246:in `block in spawn_rack_application'
  passenger (3.0.11) lib/phusion_passenger/abstract_server_collection.rb:82:in `block in synchronize'
  <internal:prelude>:10:in `synchronize'
  passenger (3.0.11) lib/phusion_passenger/abstract_server_collection.rb:79:in `synchronize'
  passenger (3.0.11) lib/phusion_passenger/spawn_manager.rb:244:in `spawn_rack_application'
  passenger (3.0.11) lib/phusion_passenger/spawn_manager.rb:137:in `spawn_application'
  passenger (3.0.11) lib/phusion_passenger/spawn_manager.rb:275:in `handle_spawn_application'
  passenger (3.0.11) lib/phusion_passenger/abstract_server.rb:357:in `server_main_loop'
  passenger (3.0.11) lib/phusion_passenger/abstract_server.rb:206:in `start_synchronously'
  passenger (3.0.11) helper-scripts/passenger-spawn-server:99:in `<main>'


  Rendered /var/lib/gems/1.9.1/gems/actionpack-3.2.1/lib/action_dispatch/middleware/templates/rescues/routing_error.erb within rescues/layout (2.0ms)


Started GET "/articles" for 138.67.205.249 at 2012-02-15 22:35:34 -0700

ActionController::RoutingError (No route matches [GET] "/articles"):
  actionpack (3.2.1) lib/action_dispatch/middleware/debug_exceptions.rb:21:in `call'
  actionpack (3.2.1) lib/action_dispatch/middleware/show_exceptions.rb:56:in `call'
  railties (3.2.1) lib/rails/rack/logger.rb:26:in `call_app'
  railties (3.2.1) lib/rails/rack/logger.rb:16:in `call'
  actionpack (3.2.1) lib/action_dispatch/middleware/request_id.rb:22:in `call'
  rack (1.4.1) lib/rack/methodoverride.rb:21:in `call'
  rack (1.4.1) lib/rack/runtime.rb:17:in `call'
  activesupport (3.2.1) lib/active_support/cache/strategy/local_cache.rb:72:in `call'
  rack (1.4.1) lib/rack/lock.rb:15:in `call'
  actionpack (3.2.1) lib/action_dispatch/middleware/static.rb:53:in `call'
  railties (3.2.1) lib/rails/engine.rb:479:in `call'
  railties (3.2.1) lib/rails/application.rb:220:in `call'
  railties (3.2.1) lib/rails/railtie/configurable.rb:30:in `method_missing'
  passenger (3.0.11) lib/phusion_passenger/rack/request_handler.rb:96:in `process_request'
  passenger (3.0.11) lib/phusion_passenger/abstract_request_handler.rb:513:in `accept_and_process_next_request'
  passenger (3.0.11) lib/phusion_passenger/abstract_request_handler.rb:274:in `main_loop'
  passenger (3.0.11) lib/phusion_passenger/rack/application_spawner.rb:206:in `start_request_handler'
  passenger (3.0.11) lib/phusion_passenger/rack/application_spawner.rb:171:in `block in handle_spawn_application'
  passenger (3.0.11) lib/phusion_passenger/utils.rb:479:in `safe_fork'
  passenger (3.0.11) lib/phusion_passenger/rack/application_spawner.rb:166:in `handle_spawn_application'
  passenger (3.0.11) lib/phusion_passenger/abstract_server.rb:357:in `server_main_loop'
  passenger (3.0.11) lib/phusion_passenger/abstract_server.rb:206:in `start_synchronously'
  passenger (3.0.11) lib/phusion_passenger/abstract_server.rb:180:in `start'
  passenger (3.0.11) lib/phusion_passenger/rack/application_spawner.rb:129:in `start'
  passenger (3.0.11) lib/phusion_passenger/spawn_manager.rb:253:in `block (2 levels) in spawn_rack_application'
  passenger (3.0.11) lib/phusion_passenger/abstract_server_collection.rb:132:in `lookup_or_add'
  passenger (3.0.11) lib/phusion_passenger/spawn_manager.rb:246:in `block in spawn_rack_application'
  passenger (3.0.11) lib/phusion_passenger/abstract_server_collection.rb:82:in `block in synchronize'
  <internal:prelude>:10:in `synchronize'
  passenger (3.0.11) lib/phusion_passenger/abstract_server_collection.rb:79:in `synchronize'
  passenger (3.0.11) lib/phusion_passenger/spawn_manager.rb:244:in `spawn_rack_application'
  passenger (3.0.11) lib/phusion_passenger/spawn_manager.rb:137:in `spawn_application'
  passenger (3.0.11) lib/phusion_passenger/spawn_manager.rb:275:in `handle_spawn_application'
  passenger (3.0.11) lib/phusion_passenger/abstract_server.rb:357:in `server_main_loop'
  passenger (3.0.11) lib/phusion_passenger/abstract_server.rb:206:in `start_synchronously'
  passenger (3.0.11) helper-scripts/passenger-spawn-server:99:in `<main>'


  Rendered /var/lib/gems/1.9.1/gems/actionpack-3.2.1/lib/action_dispatch/middleware/templates/rescues/routing_error.erb within rescues/layout (2.1ms)


Started GET "/articles" for 138.67.205.249 at 2012-02-15 22:38:06 -0700

ActionController::RoutingError (No route matches [GET] "/articles"):
  actionpack (3.2.1) lib/action_dispatch/middleware/debug_exceptions.rb:21:in `call'
  actionpack (3.2.1) lib/action_dispatch/middleware/show_exceptions.rb:56:in `call'
  railties (3.2.1) lib/rails/rack/logger.rb:26:in `call_app'
  railties (3.2.1) lib/rails/rack/logger.rb:16:in `call'
  actionpack (3.2.1) lib/action_dispatch/middleware/request_id.rb:22:in `call'
  rack (1.4.1) lib/rack/methodoverride.rb:21:in `call'
  rack (1.4.1) lib/rack/runtime.rb:17:in `call'
  activesupport (3.2.1) lib/active_support/cache/strategy/local_cache.rb:72:in `call'
  rack (1.4.1) lib/rack/lock.rb:15:in `call'
  actionpack (3.2.1) lib/action_dispatch/middleware/static.rb:53:in `call'
  railties (3.2.1) lib/rails/engine.rb:479:in `call'
  railties (3.2.1) lib/rails/application.rb:220:in `call'
  railties (3.2.1) lib/rails/railtie/configurable.rb:30:in `method_missing'
  passenger (3.0.11) lib/phusion_passenger/rack/request_handler.rb:96:in `process_request'
  passenger (3.0.11) lib/phusion_passenger/abstract_request_handler.rb:513:in `accept_and_process_next_request'
  passenger (3.0.11) lib/phusion_passenger/abstract_request_handler.rb:274:in `main_loop'
  passenger (3.0.11) lib/phusion_passenger/rack/application_spawner.rb:206:in `start_request_handler'
  passenger (3.0.11) lib/phusion_passenger/rack/application_spawner.rb:171:in `block in handle_spawn_application'
  passenger (3.0.11) lib/phusion_passenger/utils.rb:479:in `safe_fork'
  passenger (3.0.11) lib/phusion_passenger/rack/application_spawner.rb:166:in `handle_spawn_application'
  passenger (3.0.11) lib/phusion_passenger/abstract_server.rb:357:in `server_main_loop'
  passenger (3.0.11) lib/phusion_passenger/abstract_server.rb:206:in `start_synchronously'
  passenger (3.0.11) lib/phusion_passenger/abstract_server.rb:180:in `start'
  passenger (3.0.11) lib/phusion_passenger/rack/application_spawner.rb:129:in `start'
  passenger (3.0.11) lib/phusion_passenger/spawn_manager.rb:253:in `block (2 levels) in spawn_rack_application'
  passenger (3.0.11) lib/phusion_passenger/abstract_server_collection.rb:132:in `lookup_or_add'
  passenger (3.0.11) lib/phusion_passenger/spawn_manager.rb:246:in `block in spawn_rack_application'
  passenger (3.0.11) lib/phusion_passenger/abstract_server_collection.rb:82:in `block in synchronize'
  <internal:prelude>:10:in `synchronize'
  passenger (3.0.11) lib/phusion_passenger/abstract_server_collection.rb:79:in `synchronize'
  passenger (3.0.11) lib/phusion_passenger/spawn_manager.rb:244:in `spawn_rack_application'
  passenger (3.0.11) lib/phusion_passenger/spawn_manager.rb:137:in `spawn_application'
  passenger (3.0.11) lib/phusion_passenger/spawn_manager.rb:275:in `handle_spawn_application'
  passenger (3.0.11) lib/phusion_passenger/abstract_server.rb:357:in `server_main_loop'
  passenger (3.0.11) lib/phusion_passenger/abstract_server.rb:206:in `start_synchronously'
  passenger (3.0.11) helper-scripts/passenger-spawn-server:99:in `<main>'


  Rendered /var/lib/gems/1.9.1/gems/actionpack-3.2.1/lib/action_dispatch/middleware/templates/rescues/routing_error.erb within rescues/layout (9.6ms)


Started GET "/assets/rails.png" for 138.67.205.249 at 2012-02-15 22:38:13 -0700
Served asset /rails.png - 304 Not Modified (12ms)


Started GET "/articles" for 138.67.205.249 at 2012-02-15 22:47:06 -0700

ActionController::RoutingError (No route matches [GET] "/articles"):
  actionpack (3.2.1) lib/action_dispatch/middleware/debug_exceptions.rb:21:in `call'
  actionpack (3.2.1) lib/action_dispatch/middleware/show_exceptions.rb:56:in `call'
  railties (3.2.1) lib/rails/rack/logger.rb:26:in `call_app'
  railties (3.2.1) lib/rails/rack/logger.rb:16:in `call'
  actionpack (3.2.1) lib/action_dispatch/middleware/request_id.rb:22:in `call'
  rack (1.4.1) lib/rack/methodoverride.rb:21:in `call'
  rack (1.4.1) lib/rack/runtime.rb:17:in `call'
  activesupport (3.2.1) lib/active_support/cache/strategy/local_cache.rb:72:in `call'
  rack (1.4.1) lib/rack/lock.rb:15:in `call'
  actionpack (3.2.1) lib/action_dispatch/middleware/static.rb:53:in `call'
  railties (3.2.1) lib/rails/engine.rb:479:in `call'
  railties (3.2.1) lib/rails/application.rb:220:in `call'
  railties (3.2.1) lib/rails/railtie/configurable.rb:30:in `method_missing'
  passenger (3.0.11) lib/phusion_passenger/rack/request_handler.rb:96:in `process_request'
  passenger (3.0.11) lib/phusion_passenger/abstract_request_handler.rb:513:in `accept_and_process_next_request'
  passenger (3.0.11) lib/phusion_passenger/abstract_request_handler.rb:274:in `main_loop'
  passenger (3.0.11) lib/phusion_passenger/rack/application_spawner.rb:206:in `start_request_handler'
  passenger (3.0.11) lib/phusion_passenger/rack/application_spawner.rb:171:in `block in handle_spawn_application'
  passenger (3.0.11) lib/phusion_passenger/utils.rb:479:in `safe_fork'
  passenger (3.0.11) lib/phusion_passenger/rack/application_spawner.rb:166:in `handle_spawn_application'
  passenger (3.0.11) lib/phusion_passenger/abstract_server.rb:357:in `server_main_loop'
  passenger (3.0.11) lib/phusion_passenger/abstract_server.rb:206:in `start_synchronously'
  passenger (3.0.11) lib/phusion_passenger/abstract_server.rb:180:in `start'
  passenger (3.0.11) lib/phusion_passenger/rack/application_spawner.rb:129:in `start'
  passenger (3.0.11) lib/phusion_passenger/spawn_manager.rb:253:in `block (2 levels) in spawn_rack_application'
  passenger (3.0.11) lib/phusion_passenger/abstract_server_collection.rb:132:in `lookup_or_add'
  passenger (3.0.11) lib/phusion_passenger/spawn_manager.rb:246:in `block in spawn_rack_application'
  passenger (3.0.11) lib/phusion_passenger/abstract_server_collection.rb:82:in `block in synchronize'
  <internal:prelude>:10:in `synchronize'
  passenger (3.0.11) lib/phusion_passenger/abstract_server_collection.rb:79:in `synchronize'
  passenger (3.0.11) lib/phusion_passenger/spawn_manager.rb:244:in `spawn_rack_application'
  passenger (3.0.11) lib/phusion_passenger/spawn_manager.rb:137:in `spawn_application'
  passenger (3.0.11) lib/phusion_passenger/spawn_manager.rb:275:in `handle_spawn_application'
  passenger (3.0.11) lib/phusion_passenger/abstract_server.rb:357:in `server_main_loop'
  passenger (3.0.11) lib/phusion_passenger/abstract_server.rb:206:in `start_synchronously'
  passenger (3.0.11) helper-scripts/passenger-spawn-server:99:in `<main>'


  Rendered /var/lib/gems/1.9.1/gems/actionpack-3.2.1/lib/action_dispatch/middleware/templates/rescues/routing_error.erb within rescues/layout (2.0ms)


Started GET "/Articles" for 138.67.205.249 at 2012-02-15 22:48:06 -0700

ActionController::RoutingError (No route matches [GET] "/Articles"):
  actionpack (3.2.1) lib/action_dispatch/middleware/debug_exceptions.rb:21:in `call'
  actionpack (3.2.1) lib/action_dispatch/middleware/show_exceptions.rb:56:in `call'
  railties (3.2.1) lib/rails/rack/logger.rb:26:in `call_app'
  railties (3.2.1) lib/rails/rack/logger.rb:16:in `call'
  actionpack (3.2.1) lib/action_dispatch/middleware/request_id.rb:22:in `call'
  rack (1.4.1) lib/rack/methodoverride.rb:21:in `call'
  rack (1.4.1) lib/rack/runtime.rb:17:in `call'
  activesupport (3.2.1) lib/active_support/cache/strategy/local_cache.rb:72:in `call'
  rack (1.4.1) lib/rack/lock.rb:15:in `call'
  actionpack (3.2.1) lib/action_dispatch/middleware/static.rb:53:in `call'
  railties (3.2.1) lib/rails/engine.rb:479:in `call'
  railties (3.2.1) lib/rails/application.rb:220:in `call'
  railties (3.2.1) lib/rails/railtie/configurable.rb:30:in `method_missing'
  passenger (3.0.11) lib/phusion_passenger/rack/request_handler.rb:96:in `process_request'
  passenger (3.0.11) lib/phusion_passenger/abstract_request_handler.rb:513:in `accept_and_process_next_request'
  passenger (3.0.11) lib/phusion_passenger/abstract_request_handler.rb:274:in `main_loop'
  passenger (3.0.11) lib/phusion_passenger/rack/application_spawner.rb:206:in `start_request_handler'
  passenger (3.0.11) lib/phusion_passenger/rack/application_spawner.rb:171:in `block in handle_spawn_application'
  passenger (3.0.11) lib/phusion_passenger/utils.rb:479:in `safe_fork'
  passenger (3.0.11) lib/phusion_passenger/rack/application_spawner.rb:166:in `handle_spawn_application'
  passenger (3.0.11) lib/phusion_passenger/abstract_server.rb:357:in `server_main_loop'
  passenger (3.0.11) lib/phusion_passenger/abstract_server.rb:206:in `start_synchronously'
  passenger (3.0.11) lib/phusion_passenger/abstract_server.rb:180:in `start'
  passenger (3.0.11) lib/phusion_passenger/rack/application_spawner.rb:129:in `start'
  passenger (3.0.11) lib/phusion_passenger/spawn_manager.rb:253:in `block (2 levels) in spawn_rack_application'
  passenger (3.0.11) lib/phusion_passenger/abstract_server_collection.rb:132:in `lookup_or_add'
  passenger (3.0.11) lib/phusion_passenger/spawn_manager.rb:246:in `block in spawn_rack_application'
  passenger (3.0.11) lib/phusion_passenger/abstract_server_collection.rb:82:in `block in synchronize'
  <internal:prelude>:10:in `synchronize'
  passenger (3.0.11) lib/phusion_passenger/abstract_server_collection.rb:79:in `synchronize'
  passenger (3.0.11) lib/phusion_passenger/spawn_manager.rb:244:in `spawn_rack_application'
  passenger (3.0.11) lib/phusion_passenger/spawn_manager.rb:137:in `spawn_application'
  passenger (3.0.11) lib/phusion_passenger/spawn_manager.rb:275:in `handle_spawn_application'
  passenger (3.0.11) lib/phusion_passenger/abstract_server.rb:357:in `server_main_loop'
  passenger (3.0.11) lib/phusion_passenger/abstract_server.rb:206:in `start_synchronously'
  passenger (3.0.11) helper-scripts/passenger-spawn-server:99:in `<main>'


  Rendered /var/lib/gems/1.9.1/gems/actionpack-3.2.1/lib/action_dispatch/middleware/templates/rescues/routing_error.erb within rescues/layout (2.1ms)


Started GET "/Articles" for 138.67.205.249 at 2012-02-15 22:51:05 -0700

ActionController::RoutingError (No route matches [GET] "/Articles"):
  actionpack (3.2.1) lib/action_dispatch/middleware/debug_exceptions.rb:21:in `call'
  actionpack (3.2.1) lib/action_dispatch/middleware/show_exceptions.rb:56:in `call'
  railties (3.2.1) lib/rails/rack/logger.rb:26:in `call_app'
  railties (3.2.1) lib/rails/rack/logger.rb:16:in `call'
  actionpack (3.2.1) lib/action_dispatch/middleware/request_id.rb:22:in `call'
  rack (1.4.1) lib/rack/methodoverride.rb:21:in `call'
  rack (1.4.1) lib/rack/runtime.rb:17:in `call'
  activesupport (3.2.1) lib/active_support/cache/strategy/local_cache.rb:72:in `call'
  rack (1.4.1) lib/rack/lock.rb:15:in `call'
  actionpack (3.2.1) lib/action_dispatch/middleware/static.rb:53:in `call'
  railties (3.2.1) lib/rails/engine.rb:479:in `call'
  railties (3.2.1) lib/rails/application.rb:220:in `call'
  railties (3.2.1) lib/rails/railtie/configurable.rb:30:in `method_missing'
  passenger (3.0.11) lib/phusion_passenger/rack/request_handler.rb:96:in `process_request'
  passenger (3.0.11) lib/phusion_passenger/abstract_request_handler.rb:513:in `accept_and_process_next_request'
  passenger (3.0.11) lib/phusion_passenger/abstract_request_handler.rb:274:in `main_loop'
  passenger (3.0.11) lib/phusion_passenger/rack/application_spawner.rb:206:in `start_request_handler'
  passenger (3.0.11) lib/phusion_passenger/rack/application_spawner.rb:171:in `block in handle_spawn_application'
  passenger (3.0.11) lib/phusion_passenger/utils.rb:479:in `safe_fork'
  passenger (3.0.11) lib/phusion_passenger/rack/application_spawner.rb:166:in `handle_spawn_application'
  passenger (3.0.11) lib/phusion_passenger/abstract_server.rb:357:in `server_main_loop'
  passenger (3.0.11) lib/phusion_passenger/abstract_server.rb:206:in `start_synchronously'
  passenger (3.0.11) lib/phusion_passenger/abstract_server.rb:180:in `start'
  passenger (3.0.11) lib/phusion_passenger/rack/application_spawner.rb:129:in `start'
  passenger (3.0.11) lib/phusion_passenger/spawn_manager.rb:253:in `block (2 levels) in spawn_rack_application'
  passenger (3.0.11) lib/phusion_passenger/abstract_server_collection.rb:132:in `lookup_or_add'
  passenger (3.0.11) lib/phusion_passenger/spawn_manager.rb:246:in `block in spawn_rack_application'
  passenger (3.0.11) lib/phusion_passenger/abstract_server_collection.rb:82:in `block in synchronize'
  <internal:prelude>:10:in `synchronize'
  passenger (3.0.11) lib/phusion_passenger/abstract_server_collection.rb:79:in `synchronize'
  passenger (3.0.11) lib/phusion_passenger/spawn_manager.rb:244:in `spawn_rack_application'
  passenger (3.0.11) lib/phusion_passenger/spawn_manager.rb:137:in `spawn_application'
  passenger (3.0.11) lib/phusion_passenger/spawn_manager.rb:275:in `handle_spawn_application'
  passenger (3.0.11) lib/phusion_passenger/abstract_server.rb:357:in `server_main_loop'
  passenger (3.0.11) lib/phusion_passenger/abstract_server.rb:206:in `start_synchronously'
  passenger (3.0.11) helper-scripts/passenger-spawn-server:99:in `<main>'


  Rendered /var/lib/gems/1.9.1/gems/actionpack-3.2.1/lib/action_dispatch/middleware/templates/rescues/routing_error.erb within rescues/layout (2.0ms)


Started GET "/Articles" for 138.67.205.249 at 2012-02-15 22:51:07 -0700

ActionController::RoutingError (No route matches [GET] "/Articles"):
  actionpack (3.2.1) lib/action_dispatch/middleware/debug_exceptions.rb:21:in `call'
  actionpack (3.2.1) lib/action_dispatch/middleware/show_exceptions.rb:56:in `call'
  railties (3.2.1) lib/rails/rack/logger.rb:26:in `call_app'
  railties (3.2.1) lib/rails/rack/logger.rb:16:in `call'
  actionpack (3.2.1) lib/action_dispatch/middleware/request_id.rb:22:in `call'
  rack (1.4.1) lib/rack/methodoverride.rb:21:in `call'
  rack (1.4.1) lib/rack/runtime.rb:17:in `call'
  activesupport (3.2.1) lib/active_support/cache/strategy/local_cache.rb:72:in `call'
  rack (1.4.1) lib/rack/lock.rb:15:in `call'
  actionpack (3.2.1) lib/action_dispatch/middleware/static.rb:53:in `call'
  railties (3.2.1) lib/rails/engine.rb:479:in `call'
  railties (3.2.1) lib/rails/application.rb:220:in `call'
  railties (3.2.1) lib/rails/railtie/configurable.rb:30:in `method_missing'
  passenger (3.0.11) lib/phusion_passenger/rack/request_handler.rb:96:in `process_request'
  passenger (3.0.11) lib/phusion_passenger/abstract_request_handler.rb:513:in `accept_and_process_next_request'
  passenger (3.0.11) lib/phusion_passenger/abstract_request_handler.rb:274:in `main_loop'
  passenger (3.0.11) lib/phusion_passenger/rack/application_spawner.rb:206:in `start_request_handler'
  passenger (3.0.11) lib/phusion_passenger/rack/application_spawner.rb:171:in `block in handle_spawn_application'
  passenger (3.0.11) lib/phusion_passenger/utils.rb:479:in `safe_fork'
  passenger (3.0.11) lib/phusion_passenger/rack/application_spawner.rb:166:in `handle_spawn_application'
  passenger (3.0.11) lib/phusion_passenger/abstract_server.rb:357:in `server_main_loop'
  passenger (3.0.11) lib/phusion_passenger/abstract_server.rb:206:in `start_synchronously'
  passenger (3.0.11) lib/phusion_passenger/abstract_server.rb:180:in `start'
  passenger (3.0.11) lib/phusion_passenger/rack/application_spawner.rb:129:in `start'
  passenger (3.0.11) lib/phusion_passenger/spawn_manager.rb:253:in `block (2 levels) in spawn_rack_application'
  passenger (3.0.11) lib/phusion_passenger/abstract_server_collection.rb:132:in `lookup_or_add'
  passenger (3.0.11) lib/phusion_passenger/spawn_manager.rb:246:in `block in spawn_rack_application'
  passenger (3.0.11) lib/phusion_passenger/abstract_server_collection.rb:82:in `block in synchronize'
  <internal:prelude>:10:in `synchronize'
  passenger (3.0.11) lib/phusion_passenger/abstract_server_collection.rb:79:in `synchronize'
  passenger (3.0.11) lib/phusion_passenger/spawn_manager.rb:244:in `spawn_rack_application'
  passenger (3.0.11) lib/phusion_passenger/spawn_manager.rb:137:in `spawn_application'
  passenger (3.0.11) lib/phusion_passenger/spawn_manager.rb:275:in `handle_spawn_application'
  passenger (3.0.11) lib/phusion_passenger/abstract_server.rb:357:in `server_main_loop'
  passenger (3.0.11) lib/phusion_passenger/abstract_server.rb:206:in `start_synchronously'
  passenger (3.0.11) helper-scripts/passenger-spawn-server:99:in `<main>'


  Rendered /var/lib/gems/1.9.1/gems/actionpack-3.2.1/lib/action_dispatch/middleware/templates/rescues/routing_error.erb within rescues/layout (2.1ms)


Started GET "/articles" for 138.67.205.249 at 2012-02-15 22:51:13 -0700

ActionController::RoutingError (No route matches [GET] "/articles"):
  actionpack (3.2.1) lib/action_dispatch/middleware/debug_exceptions.rb:21:in `call'
  actionpack (3.2.1) lib/action_dispatch/middleware/show_exceptions.rb:56:in `call'
  railties (3.2.1) lib/rails/rack/logger.rb:26:in `call_app'
  railties (3.2.1) lib/rails/rack/logger.rb:16:in `call'
  actionpack (3.2.1) lib/action_dispatch/middleware/request_id.rb:22:in `call'
  rack (1.4.1) lib/rack/methodoverride.rb:21:in `call'
  rack (1.4.1) lib/rack/runtime.rb:17:in `call'
  activesupport (3.2.1) lib/active_support/cache/strategy/local_cache.rb:72:in `call'
  rack (1.4.1) lib/rack/lock.rb:15:in `call'
  actionpack (3.2.1) lib/action_dispatch/middleware/static.rb:53:in `call'
  railties (3.2.1) lib/rails/engine.rb:479:in `call'
  railties (3.2.1) lib/rails/application.rb:220:in `call'
  railties (3.2.1) lib/rails/railtie/configurable.rb:30:in `method_missing'
  passenger (3.0.11) lib/phusion_passenger/rack/request_handler.rb:96:in `process_request'
  passenger (3.0.11) lib/phusion_passenger/abstract_request_handler.rb:513:in `accept_and_process_next_request'
  passenger (3.0.11) lib/phusion_passenger/abstract_request_handler.rb:274:in `main_loop'
  passenger (3.0.11) lib/phusion_passenger/rack/application_spawner.rb:206:in `start_request_handler'
  passenger (3.0.11) lib/phusion_passenger/rack/application_spawner.rb:171:in `block in handle_spawn_application'
  passenger (3.0.11) lib/phusion_passenger/utils.rb:479:in `safe_fork'
  passenger (3.0.11) lib/phusion_passenger/rack/application_spawner.rb:166:in `handle_spawn_application'
  passenger (3.0.11) lib/phusion_passenger/abstract_server.rb:357:in `server_main_loop'
  passenger (3.0.11) lib/phusion_passenger/abstract_server.rb:206:in `start_synchronously'
  passenger (3.0.11) lib/phusion_passenger/abstract_server.rb:180:in `start'
  passenger (3.0.11) lib/phusion_passenger/rack/application_spawner.rb:129:in `start'
  passenger (3.0.11) lib/phusion_passenger/spawn_manager.rb:253:in `block (2 levels) in spawn_rack_application'
  passenger (3.0.11) lib/phusion_passenger/abstract_server_collection.rb:132:in `lookup_or_add'
  passenger (3.0.11) lib/phusion_passenger/spawn_manager.rb:246:in `block in spawn_rack_application'
  passenger (3.0.11) lib/phusion_passenger/abstract_server_collection.rb:82:in `block in synchronize'
  <internal:prelude>:10:in `synchronize'
  passenger (3.0.11) lib/phusion_passenger/abstract_server_collection.rb:79:in `synchronize'
  passenger (3.0.11) lib/phusion_passenger/spawn_manager.rb:244:in `spawn_rack_application'
  passenger (3.0.11) lib/phusion_passenger/spawn_manager.rb:137:in `spawn_application'
  passenger (3.0.11) lib/phusion_passenger/spawn_manager.rb:275:in `handle_spawn_application'
  passenger (3.0.11) lib/phusion_passenger/abstract_server.rb:357:in `server_main_loop'
  passenger (3.0.11) lib/phusion_passenger/abstract_server.rb:206:in `start_synchronously'
  passenger (3.0.11) helper-scripts/passenger-spawn-server:99:in `<main>'


  Rendered /var/lib/gems/1.9.1/gems/actionpack-3.2.1/lib/action_dispatch/middleware/templates/rescues/routing_error.erb within rescues/layout (2.1ms)


Started GET "/articles" for 138.67.205.249 at 2012-02-15 22:51:46 -0700


Started GET "/" for 138.67.205.249 at 2012-02-15 22:51:46 -0700

ActionController::RoutingError (No route matches [GET] "/articles"):
  actionpack (3.2.1) lib/action_dispatch/middleware/debug_exceptions.rb:21:in `call'
  actionpack (3.2.1) lib/action_dispatch/middleware/show_exceptions.rb:56:in `call'
  railties (3.2.1) lib/rails/rack/logger.rb:26:in `call_app'
  railties (3.2.1) lib/rails/rack/logger.rb:16:in `call'
  actionpack (3.2.1) lib/action_dispatch/middleware/request_id.rb:22:in `call'
  rack (1.4.1) lib/rack/methodoverride.rb:21:in `call'
  rack (1.4.1) lib/rack/runtime.rb:17:in `call'
  activesupport (3.2.1) lib/active_support/cache/strategy/local_cache.rb:72:in `call'
  rack (1.4.1) lib/rack/lock.rb:15:in `call'
  actionpack (3.2.1) lib/action_dispatch/middleware/static.rb:53:in `call'
  railties (3.2.1) lib/rails/engine.rb:479:in `call'
  railties (3.2.1) lib/rails/application.rb:220:in `call'
  railties (3.2.1) lib/rails/railtie/configurable.rb:30:in `method_missing'
  passenger (3.0.11) lib/phusion_passenger/rack/request_handler.rb:96:in `process_request'
  passenger (3.0.11) lib/phusion_passenger/abstract_request_handler.rb:513:in `accept_and_process_next_request'
  passenger (3.0.11) lib/phusion_passenger/abstract_request_handler.rb:274:in `main_loop'
  passenger (3.0.11) lib/phusion_passenger/rack/application_spawner.rb:206:in `start_request_handler'
  passenger (3.0.11) lib/phusion_passenger/rack/application_spawner.rb:171:in `block in handle_spawn_application'
  passenger (3.0.11) lib/phusion_passenger/utils.rb:479:in `safe_fork'
  passenger (3.0.11) lib/phusion_passenger/rack/application_spawner.rb:166:in `handle_spawn_application'
  passenger (3.0.11) lib/phusion_passenger/abstract_server.rb:357:in `server_main_loop'
  passenger (3.0.11) lib/phusion_passenger/abstract_server.rb:206:in `start_synchronously'
  passenger (3.0.11) lib/phusion_passenger/abstract_server.rb:180:in `start'
  passenger (3.0.11) lib/phusion_passenger/rack/application_spawner.rb:129:in `start'
  passenger (3.0.11) lib/phusion_passenger/spawn_manager.rb:253:in `block (2 levels) in spawn_rack_application'
  passenger (3.0.11) lib/phusion_passenger/abstract_server_collection.rb:132:in `lookup_or_add'
  passenger (3.0.11) lib/phusion_passenger/spawn_manager.rb:246:in `block in spawn_rack_application'
  passenger (3.0.11) lib/phusion_passenger/abstract_server_collection.rb:82:in `block in synchronize'
  <internal:prelude>:10:in `synchronize'
  passenger (3.0.11) lib/phusion_passenger/abstract_server_collection.rb:79:in `synchronize'
  passenger (3.0.11) lib/phusion_passenger/spawn_manager.rb:244:in `spawn_rack_application'
  passenger (3.0.11) lib/phusion_passenger/spawn_manager.rb:137:in `spawn_application'
  passenger (3.0.11) lib/phusion_passenger/spawn_manager.rb:275:in `handle_spawn_application'
  passenger (3.0.11) lib/phusion_passenger/abstract_server.rb:357:in `server_main_loop'
  passenger (3.0.11) lib/phusion_passenger/abstract_server.rb:206:in `start_synchronously'
  passenger (3.0.11) helper-scripts/passenger-spawn-server:99:in `<main>'


Processing by ArticlesController#index as HTML
  Rendered /var/lib/gems/1.9.1/gems/actionpack-3.2.1/lib/action_dispatch/middleware/templates/rescues/routing_error.erb within rescues/layout (11.0ms)
  Rendered articles/index.html.erb within layouts/application (8.2ms)
Compiled articles.css  (25ms)  (pid 3986)
Compiled application.css  (101ms)  (pid 3986)
Compiled jquery.js  (6ms)  (pid 3986)
Compiled jquery_ujs.js  (1ms)  (pid 3986)
Compiled articles.js  (439ms)  (pid 3986)
Compiled application.js  (540ms)  (pid 3986)


Started GET "/" for 138.67.205.249 at 2012-02-15 22:51:47 -0700
Completed 200 OK in 851ms (Views: 848.6ms | ActiveRecord: 0.0ms)
Processing by ArticlesController#index as HTML
  Rendered articles/index.html.erb within layouts/application (1.1ms)
Completed 200 OK in 65ms (Views: 63.2ms | ActiveRecord: 0.0ms)


Started GET "/assets/application.css?body=1" for 138.67.205.249 at 2012-02-15 22:51:47 -0700
Served asset /application.css - 200 OK (9ms)


Started GET "/assets/articles.css?body=1" for 138.67.205.249 at 2012-02-15 22:51:47 -0700
Served asset /articles.css - 200 OK (9ms)


Started GET "/assets/articles.js?body=1" for 138.67.205.249 at 2012-02-15 22:51:47 -0700


Started GET "/assets/jquery.js?body=1" for 138.67.205.249 at 2012-02-15 22:51:47 -0700
Served asset /articles.js - 200 OK (9ms)


Started GET "/assets/application.js?body=1" for 138.67.205.249 at 2012-02-15 22:51:47 -0700
Served asset /jquery.js - 304 Not Modified (24ms)
Served asset /application.js - 200 OK (132ms)


Started GET "/assets/jquery_ujs.js?body=1" for 138.67.205.249 at 2012-02-15 22:51:50 -0700
Served asset /jquery_ujs.js - 304 Not Modified (16ms)


Started GET "/" for 138.67.205.249 at 2012-02-15 22:52:17 -0700

ActionController::RoutingError (No route matches [GET] "/"):
  actionpack (3.2.1) lib/action_dispatch/middleware/debug_exceptions.rb:21:in `call'
  actionpack (3.2.1) lib/action_dispatch/middleware/show_exceptions.rb:56:in `call'
  railties (3.2.1) lib/rails/rack/logger.rb:26:in `call_app'
  railties (3.2.1) lib/rails/rack/logger.rb:16:in `call'
  actionpack (3.2.1) lib/action_dispatch/middleware/request_id.rb:22:in `call'
  rack (1.4.1) lib/rack/methodoverride.rb:21:in `call'
  rack (1.4.1) lib/rack/runtime.rb:17:in `call'
  activesupport (3.2.1) lib/active_support/cache/strategy/local_cache.rb:72:in `call'
  rack (1.4.1) lib/rack/lock.rb:15:in `call'
  actionpack (3.2.1) lib/action_dispatch/middleware/static.rb:53:in `call'
  railties (3.2.1) lib/rails/engine.rb:479:in `call'
  railties (3.2.1) lib/rails/application.rb:220:in `call'
  railties (3.2.1) lib/rails/railtie/configurable.rb:30:in `method_missing'
  passenger (3.0.11) lib/phusion_passenger/rack/request_handler.rb:96:in `process_request'
  passenger (3.0.11) lib/phusion_passenger/abstract_request_handler.rb:513:in `accept_and_process_next_request'
  passenger (3.0.11) lib/phusion_passenger/abstract_request_handler.rb:274:in `main_loop'
  passenger (3.0.11) lib/phusion_passenger/rack/application_spawner.rb:206:in `start_request_handler'
  passenger (3.0.11) lib/phusion_passenger/rack/application_spawner.rb:171:in `block in handle_spawn_application'
  passenger (3.0.11) lib/phusion_passenger/utils.rb:479:in `safe_fork'
  passenger (3.0.11) lib/phusion_passenger/rack/application_spawner.rb:166:in `handle_spawn_application'
  passenger (3.0.11) lib/phusion_passenger/abstract_server.rb:357:in `server_main_loop'
  passenger (3.0.11) lib/phusion_passenger/abstract_server.rb:206:in `start_synchronously'
  passenger (3.0.11) lib/phusion_passenger/abstract_server.rb:180:in `start'
  passenger (3.0.11) lib/phusion_passenger/rack/application_spawner.rb:129:in `start'
  passenger (3.0.11) lib/phusion_passenger/spawn_manager.rb:253:in `block (2 levels) in spawn_rack_application'
  passenger (3.0.11) lib/phusion_passenger/abstract_server_collection.rb:132:in `lookup_or_add'
  passenger (3.0.11) lib/phusion_passenger/spawn_manager.rb:246:in `block in spawn_rack_application'
  passenger (3.0.11) lib/phusion_passenger/abstract_server_collection.rb:82:in `block in synchronize'
  <internal:prelude>:10:in `synchronize'
  passenger (3.0.11) lib/phusion_passenger/abstract_server_collection.rb:79:in `synchronize'
  passenger (3.0.11) lib/phusion_passenger/spawn_manager.rb:244:in `spawn_rack_application'
  passenger (3.0.11) lib/phusion_passenger/spawn_manager.rb:137:in `spawn_application'
  passenger (3.0.11) lib/phusion_passenger/spawn_manager.rb:275:in `handle_spawn_application'
  passenger (3.0.11) lib/phusion_passenger/abstract_server.rb:357:in `server_main_loop'
  passenger (3.0.11) lib/phusion_passenger/abstract_server.rb:206:in `start_synchronously'
  passenger (3.0.11) helper-scripts/passenger-spawn-server:99:in `<main>'


  Rendered /var/lib/gems/1.9.1/gems/actionpack-3.2.1/lib/action_dispatch/middleware/templates/rescues/routing_error.erb within rescues/layout (9.6ms)


Started GET "/" for 138.67.205.249 at 2012-02-15 22:52:33 -0700
Processing by ArticlesController#index as HTML
  Rendered articles/index.html.erb within layouts/application (1.1ms)
Completed 200 OK in 56ms (Views: 54.0ms | ActiveRecord: 0.0ms)


Started GET "/assets/application.css?body=1" for 138.67.205.249 at 2012-02-15 22:52:34 -0700


Started GET "/assets/articles.css?body=1" for 138.67.205.249 at 2012-02-15 22:52:34 -0700


Started GET "/assets/jquery_ujs.js?body=1" for 138.67.205.249 at 2012-02-15 22:52:34 -0700
Served asset /articles.css - 304 Not Modified (1ms)


Started GET "/assets/application.js?body=1" for 138.67.205.249 at 2012-02-15 22:52:34 -0700
Served asset /application.js - 304 Not Modified (7ms)


Started GET "/assets/articles.js?body=1" for 138.67.205.249 at 2012-02-15 22:52:34 -0700
Served asset /articles.js - 304 Not Modified (1ms)
Served asset /jquery_ujs.js - 304 Not Modified (18ms)
Served asset /application.css - 304 Not Modified (102ms)


Started GET "/assets/jquery.js?body=1" for 138.67.205.249 at 2012-02-15 22:52:35 -0700
Served asset /jquery.js - 304 Not Modified (18ms)


Started GET "/" for 138.67.205.249 at 2012-02-15 23:00:23 -0700
Processing by ArticlesController#index as HTML
  Rendered articles/index.html.erb within layouts/application (10.4ms)
Compiled posts.css  (68ms)  (pid 4018)
Compiled scaffolds.css  (58ms)  (pid 4018)
Compiled application.css  (176ms)  (pid 4018)
Compiled posts.js  (389ms)  (pid 4018)
Compiled application.js  (487ms)  (pid 4018)
Completed 200 OK in 842ms (Views: 840.2ms | ActiveRecord: 0.0ms)


Started GET "/assets/application.css?body=1" for 138.67.205.249 at 2012-02-15 23:00:25 -0700


Started GET "/assets/articles.css?body=1" for 138.67.205.249 at 2012-02-15 23:00:25 -0700


Started GET "/assets/posts.css?body=1" for 138.67.205.249 at 2012-02-15 23:00:25 -0700


Started GET "/assets/scaffolds.css?body=1" for 138.67.205.249 at 2012-02-15 23:00:25 -0700
Served asset /application.css - 304 Not Modified (31ms)


Started GET "/assets/jquery_ujs.js?body=1" for 138.67.205.249 at 2012-02-15 23:00:25 -0700
Served asset /jquery_ujs.js - 304 Not Modified (23ms)


Started GET "/assets/articles.js?body=1" for 138.67.205.249 at 2012-02-15 23:00:25 -0700
Served asset /articles.js - 304 Not Modified (10ms)
Served asset /scaffolds.css - 200 OK (14ms)
Served asset /posts.css - 200 OK (17ms)


Started GET "/assets/posts.js?body=1" for 138.67.205.249 at 2012-02-15 23:00:25 -0700
Served asset /posts.js - 200 OK (12ms)
Served asset /articles.css - 304 Not Modified (9ms)


Started GET "/assets/jquery.js?body=1" for 138.67.205.249 at 2012-02-15 23:00:27 -0700


Started GET "/assets/application.js?body=1" for 138.67.205.249 at 2012-02-15 23:00:28 -0700
Served asset /jquery.js - 304 Not Modified (19ms)
Served asset /application.js - 304 Not Modified (33ms)


Started GET "/post" for 138.67.205.249 at 2012-02-15 23:00:30 -0700

ActionController::RoutingError (No route matches [GET] "/post"):
  actionpack (3.2.1) lib/action_dispatch/middleware/debug_exceptions.rb:21:in `call'
  actionpack (3.2.1) lib/action_dispatch/middleware/show_exceptions.rb:56:in `call'
  railties (3.2.1) lib/rails/rack/logger.rb:26:in `call_app'
  railties (3.2.1) lib/rails/rack/logger.rb:16:in `call'
  actionpack (3.2.1) lib/action_dispatch/middleware/request_id.rb:22:in `call'
  rack (1.4.1) lib/rack/methodoverride.rb:21:in `call'
  rack (1.4.1) lib/rack/runtime.rb:17:in `call'
  activesupport (3.2.1) lib/active_support/cache/strategy/local_cache.rb:72:in `call'
  rack (1.4.1) lib/rack/lock.rb:15:in `call'
  actionpack (3.2.1) lib/action_dispatch/middleware/static.rb:53:in `call'
  railties (3.2.1) lib/rails/engine.rb:479:in `call'
  railties (3.2.1) lib/rails/application.rb:220:in `call'
  railties (3.2.1) lib/rails/railtie/configurable.rb:30:in `method_missing'
  passenger (3.0.11) lib/phusion_passenger/rack/request_handler.rb:96:in `process_request'
  passenger (3.0.11) lib/phusion_passenger/abstract_request_handler.rb:513:in `accept_and_process_next_request'
  passenger (3.0.11) lib/phusion_passenger/abstract_request_handler.rb:274:in `main_loop'
  passenger (3.0.11) lib/phusion_passenger/rack/application_spawner.rb:206:in `start_request_handler'
  passenger (3.0.11) lib/phusion_passenger/rack/application_spawner.rb:171:in `block in handle_spawn_application'
  passenger (3.0.11) lib/phusion_passenger/utils.rb:479:in `safe_fork'
  passenger (3.0.11) lib/phusion_passenger/rack/application_spawner.rb:166:in `handle_spawn_application'
  passenger (3.0.11) lib/phusion_passenger/abstract_server.rb:357:in `server_main_loop'
  passenger (3.0.11) lib/phusion_passenger/abstract_server.rb:206:in `start_synchronously'
  passenger (3.0.11) lib/phusion_passenger/abstract_server.rb:180:in `start'
  passenger (3.0.11) lib/phusion_passenger/rack/application_spawner.rb:129:in `start'
  passenger (3.0.11) lib/phusion_passenger/spawn_manager.rb:253:in `block (2 levels) in spawn_rack_application'
  passenger (3.0.11) lib/phusion_passenger/abstract_server_collection.rb:132:in `lookup_or_add'
  passenger (3.0.11) lib/phusion_passenger/spawn_manager.rb:246:in `block in spawn_rack_application'
  passenger (3.0.11) lib/phusion_passenger/abstract_server_collection.rb:82:in `block in synchronize'
  <internal:prelude>:10:in `synchronize'
  passenger (3.0.11) lib/phusion_passenger/abstract_server_collection.rb:79:in `synchronize'
  passenger (3.0.11) lib/phusion_passenger/spawn_manager.rb:244:in `spawn_rack_application'
  passenger (3.0.11) lib/phusion_passenger/spawn_manager.rb:137:in `spawn_application'
  passenger (3.0.11) lib/phusion_passenger/spawn_manager.rb:275:in `handle_spawn_application'
  passenger (3.0.11) lib/phusion_passenger/abstract_server.rb:357:in `server_main_loop'
  passenger (3.0.11) lib/phusion_passenger/abstract_server.rb:206:in `start_synchronously'
  passenger (3.0.11) helper-scripts/passenger-spawn-server:99:in `<main>'


  Rendered /var/lib/gems/1.9.1/gems/actionpack-3.2.1/lib/action_dispatch/middleware/templates/rescues/routing_error.erb within rescues/layout (9.6ms)
  [1m[36m (0.4ms)[0m  [1mselect sqlite_version(*)[0m
  [1m[35m (184.5ms)[0m  CREATE TABLE "schema_migrations" ("version" varchar(255) NOT NULL) 
  [1m[36m (0.1ms)[0m  [1mPRAGMA index_list("schema_migrations")[0m
  [1m[35m (141.5ms)[0m  CREATE UNIQUE INDEX "unique_schema_migrations" ON "schema_migrations" ("version")
  [1m[36m (0.4ms)[0m  [1mSELECT "schema_migrations"."version" FROM "schema_migrations" [0m
Migrating to CreatePosts (20120216055910)
  [1m[35m (0.2ms)[0m  begin transaction
  [1m[36m (1.2ms)[0m  [1mCREATE TABLE "posts" ("id" INTEGER PRIMARY KEY AUTOINCREMENT NOT NULL, "name" varchar(255), "title" varchar(255), "content" text, "created_at" datetime NOT NULL, "updated_at" datetime NOT NULL) [0m
  [1m[35m (0.4ms)[0m  INSERT INTO "schema_migrations" ("version") VALUES ('20120216055910')
  [1m[36m (143.8ms)[0m  [1mcommit transaction[0m
  [1m[35m (0.8ms)[0m  select sqlite_version(*)
  [1m[36m (0.4ms)[0m  [1mSELECT "schema_migrations"."version" FROM "schema_migrations" [0m
  [1m[35m (0.1ms)[0m  PRAGMA index_list("posts")


Started GET "/post" for 138.67.205.249 at 2012-02-15 23:05:57 -0700

ActionController::RoutingError (No route matches [GET] "/post"):
  actionpack (3.2.1) lib/action_dispatch/middleware/debug_exceptions.rb:21:in `call'
  actionpack (3.2.1) lib/action_dispatch/middleware/show_exceptions.rb:56:in `call'
  railties (3.2.1) lib/rails/rack/logger.rb:26:in `call_app'
  railties (3.2.1) lib/rails/rack/logger.rb:16:in `call'
  actionpack (3.2.1) lib/action_dispatch/middleware/request_id.rb:22:in `call'
  rack (1.4.1) lib/rack/methodoverride.rb:21:in `call'
  rack (1.4.1) lib/rack/runtime.rb:17:in `call'
  activesupport (3.2.1) lib/active_support/cache/strategy/local_cache.rb:72:in `call'
  rack (1.4.1) lib/rack/lock.rb:15:in `call'
  actionpack (3.2.1) lib/action_dispatch/middleware/static.rb:53:in `call'
  railties (3.2.1) lib/rails/engine.rb:479:in `call'
  railties (3.2.1) lib/rails/application.rb:220:in `call'
  railties (3.2.1) lib/rails/railtie/configurable.rb:30:in `method_missing'
  passenger (3.0.11) lib/phusion_passenger/rack/request_handler.rb:96:in `process_request'
  passenger (3.0.11) lib/phusion_passenger/abstract_request_handler.rb:513:in `accept_and_process_next_request'
  passenger (3.0.11) lib/phusion_passenger/abstract_request_handler.rb:274:in `main_loop'
  passenger (3.0.11) lib/phusion_passenger/rack/application_spawner.rb:206:in `start_request_handler'
  passenger (3.0.11) lib/phusion_passenger/rack/application_spawner.rb:171:in `block in handle_spawn_application'
  passenger (3.0.11) lib/phusion_passenger/utils.rb:479:in `safe_fork'
  passenger (3.0.11) lib/phusion_passenger/rack/application_spawner.rb:166:in `handle_spawn_application'
  passenger (3.0.11) lib/phusion_passenger/abstract_server.rb:357:in `server_main_loop'
  passenger (3.0.11) lib/phusion_passenger/abstract_server.rb:206:in `start_synchronously'
  passenger (3.0.11) lib/phusion_passenger/abstract_server.rb:180:in `start'
  passenger (3.0.11) lib/phusion_passenger/rack/application_spawner.rb:129:in `start'
  passenger (3.0.11) lib/phusion_passenger/spawn_manager.rb:253:in `block (2 levels) in spawn_rack_application'
  passenger (3.0.11) lib/phusion_passenger/abstract_server_collection.rb:132:in `lookup_or_add'
  passenger (3.0.11) lib/phusion_passenger/spawn_manager.rb:246:in `block in spawn_rack_application'
  passenger (3.0.11) lib/phusion_passenger/abstract_server_collection.rb:82:in `block in synchronize'
  <internal:prelude>:10:in `synchronize'
  passenger (3.0.11) lib/phusion_passenger/abstract_server_collection.rb:79:in `synchronize'
  passenger (3.0.11) lib/phusion_passenger/spawn_manager.rb:244:in `spawn_rack_application'
  passenger (3.0.11) lib/phusion_passenger/spawn_manager.rb:137:in `spawn_application'
  passenger (3.0.11) lib/phusion_passenger/spawn_manager.rb:275:in `handle_spawn_application'
  passenger (3.0.11) lib/phusion_passenger/abstract_server.rb:357:in `server_main_loop'
  passenger (3.0.11) lib/phusion_passenger/abstract_server.rb:206:in `start_synchronously'
  passenger (3.0.11) helper-scripts/passenger-spawn-server:99:in `<main>'


  Rendered /var/lib/gems/1.9.1/gems/actionpack-3.2.1/lib/action_dispatch/middleware/templates/rescues/routing_error.erb within rescues/layout (2.0ms)


Started GET "/" for 138.67.205.249 at 2012-02-15 23:05:59 -0700
Processing by ArticlesController#index as HTML
  Rendered articles/index.html.erb within layouts/application (1.1ms)
Completed 200 OK in 122ms (Views: 120.5ms | ActiveRecord: 0.0ms)


Started GET "/assets/application.css?body=1" for 138.67.205.249 at 2012-02-15 23:06:00 -0700


Started GET "/assets/articles.css?body=1" for 138.67.205.249 at 2012-02-15 23:06:00 -0700


Started GET "/assets/posts.css?body=1" for 138.67.205.249 at 2012-02-15 23:06:00 -0700


Started GET "/assets/scaffolds.css?body=1" for 138.67.205.249 at 2012-02-15 23:06:00 -0700


Started GET "/assets/jquery.js?body=1" for 138.67.205.249 at 2012-02-15 23:06:00 -0700
Served asset /articles.css - 304 Not Modified (13ms)


Started GET "/assets/jquery_ujs.js?body=1" for 138.67.205.249 at 2012-02-15 23:06:00 -0700
Served asset /posts.css - 304 Not Modified (13ms)
Served asset /jquery_ujs.js - 304 Not Modified (1ms)
Served asset /application.css - 304 Not Modified (42ms)


Started GET "/assets/articles.js?body=1" for 138.67.205.249 at 2012-02-15 23:06:00 -0700


Started GET "/assets/posts.js?body=1" for 138.67.205.249 at 2012-02-15 23:06:00 -0700
Served asset /articles.js - 304 Not Modified (1ms)
Served asset /jquery.js - 304 Not Modified (15ms)


Started GET "/assets/application.js?body=1" for 138.67.205.249 at 2012-02-15 23:06:00 -0700
Served asset /posts.js - 304 Not Modified (8ms)
Served asset /application.js - 304 Not Modified (25ms)
Served asset /scaffolds.css - 304 Not Modified (86ms)


Started GET "/" for 138.67.205.249 at 2012-02-15 23:07:54 -0700
Processing by ArticlesController#index as HTML
  Rendered articles/index.html.erb within layouts/application (3.5ms)
Completed 200 OK in 73ms (Views: 71.0ms | ActiveRecord: 0.0ms)


Started GET "/assets/application.css?body=1" for 138.67.205.249 at 2012-02-15 23:07:54 -0700


Started GET "/assets/articles.css?body=1" for 138.67.205.249 at 2012-02-15 23:07:54 -0700


Started GET "/assets/posts.css?body=1" for 138.67.205.249 at 2012-02-15 23:07:54 -0700


Started GET "/assets/scaffolds.css?body=1" for 138.67.205.249 at 2012-02-15 23:07:54 -0700


Started GET "/assets/jquery.js?body=1" for 138.67.205.249 at 2012-02-15 23:07:54 -0700
Served asset /scaffolds.css - 304 Not Modified (1ms)
Served asset /posts.css - 304 Not Modified (9ms)
Served asset /articles.css - 304 Not Modified (17ms)


Started GET "/assets/jquery_ujs.js?body=1" for 138.67.205.249 at 2012-02-15 23:07:54 -0700
Served asset /jquery.js - 304 Not Modified (14ms)
Served asset /application.css - 304 Not Modified (27ms)
Served asset /jquery_ujs.js - 304 Not Modified (7ms)


Started GET "/assets/articles.js?body=1" for 138.67.205.249 at 2012-02-15 23:07:54 -0700


Started GET "/assets/posts.js?body=1" for 138.67.205.249 at 2012-02-15 23:07:54 -0700
Served asset /articles.js - 304 Not Modified (7ms)


Started GET "/assets/application.js?body=1" for 138.67.205.249 at 2012-02-15 23:07:54 -0700
Served asset /posts.js - 304 Not Modified (7ms)
Served asset /application.js - 304 Not Modified (23ms)


Started GET "/posts" for 138.67.205.249 at 2012-02-15 23:07:55 -0700
Processing by PostsController#index as HTML
  [1m[36mPost Load (0.5ms)[0m  [1mSELECT "posts".* FROM "posts" [0m
  Rendered posts/index.html.erb within layouts/application (11.9ms)
Completed 200 OK in 161ms (Views: 154.7ms | ActiveRecord: 0.5ms)


Started GET "/assets/articles.css?body=1" for 138.67.205.249 at 2012-02-15 23:07:56 -0700


Started GET "/assets/posts.css?body=1" for 138.67.205.249 at 2012-02-15 23:07:56 -0700


Started GET "/assets/application.css?body=1" for 138.67.205.249 at 2012-02-15 23:07:56 -0700


Started GET "/assets/scaffolds.css?body=1" for 138.67.205.249 at 2012-02-15 23:07:56 -0700


Started GET "/assets/jquery_ujs.js?body=1" for 138.67.205.249 at 2012-02-15 23:07:56 -0700


Started GET "/assets/jquery.js?body=1" for 138.67.205.249 at 2012-02-15 23:07:56 -0700
Served asset /posts.css - 304 Not Modified (1ms)
Served asset /scaffolds.css - 304 Not Modified (1ms)
Served asset /jquery.js - 304 Not Modified (3ms)
Served asset /articles.css - 304 Not Modified (1ms)
Served asset /jquery_ujs.js - 304 Not Modified (10ms)
Served asset /application.css - 304 Not Modified (19ms)


Started GET "/assets/articles.js?body=1" for 138.67.205.249 at 2012-02-15 23:07:56 -0700


Started GET "/assets/posts.js?body=1" for 138.67.205.249 at 2012-02-15 23:07:56 -0700
Served asset /articles.js - 304 Not Modified (0ms)
Served asset /posts.js - 304 Not Modified (0ms)


Started GET "/assets/application.js?body=1" for 138.67.205.249 at 2012-02-15 23:07:56 -0700
Served asset /application.js - 304 Not Modified (4ms)


Started GET "/posts" for 138.67.205.249 at 2012-02-15 23:08:01 -0700
Processing by PostsController#index as HTML
  [1m[35mPost Load (0.5ms)[0m  SELECT "posts".* FROM "posts" 
  Rendered posts/index.html.erb within layouts/application (1.5ms)
Completed 200 OK in 30ms (Views: 26.4ms | ActiveRecord: 0.5ms)


Started GET "/assets/application.css?body=1" for 138.67.205.249 at 2012-02-15 23:08:01 -0700
Served asset /application.css - 304 Not Modified (2ms)


Started GET "/assets/scaffolds.css?body=1" for 138.67.205.249 at 2012-02-15 23:08:01 -0700


Started GET "/assets/jquery.js?body=1" for 138.67.205.249 at 2012-02-15 23:08:01 -0700


Started GET "/assets/jquery_ujs.js?body=1" for 138.67.205.249 at 2012-02-15 23:08:01 -0700


Started GET "/assets/posts.js?body=1" for 138.67.205.249 at 2012-02-15 23:08:01 -0700
Served asset /jquery_ujs.js - 304 Not Modified (1ms)


Started GET "/assets/application.js?body=1" for 138.67.205.249 at 2012-02-15 23:08:01 -0700
Served asset /posts.js - 304 Not Modified (8ms)
Served asset /scaffolds.css - 304 Not Modified (9ms)
Served asset /jquery.js - 304 Not Modified (15ms)


Started GET "/assets/articles.js?body=1" for 138.67.205.249 at 2012-02-15 23:08:01 -0700
Served asset /articles.js - 304 Not Modified (5ms)
Served asset /application.js - 304 Not Modified (29ms)


Started GET "/assets/articles.css?body=1" for 138.67.205.249 at 2012-02-15 23:08:01 -0700


Started GET "/assets/posts.css?body=1" for 138.67.205.249 at 2012-02-15 23:08:01 -0700
Served asset /articles.css - 304 Not Modified (8ms)
Served asset /posts.css - 304 Not Modified (8ms)


Started GET "/" for 138.67.205.249 at 2012-02-15 23:08:10 -0700
Processing by ArticlesController#index as HTML
  Rendered articles/index.html.erb within layouts/application (3.3ms)
Completed 200 OK in 30ms (Views: 29.0ms | ActiveRecord: 0.0ms)


Started GET "/assets/application.css?body=1" for 138.67.205.249 at 2012-02-15 23:08:10 -0700


Started GET "/assets/articles.css?body=1" for 138.67.205.249 at 2012-02-15 23:08:10 -0700


Started GET "/assets/posts.css?body=1" for 138.67.205.249 at 2012-02-15 23:08:10 -0700


Started GET "/assets/jquery.js?body=1" for 138.67.205.249 at 2012-02-15 23:08:10 -0700


Started GET "/assets/scaffolds.css?body=1" for 138.67.205.249 at 2012-02-15 23:08:10 -0700
Served asset /articles.css - 304 Not Modified (1ms)
Served asset /jquery.js - 304 Not Modified (3ms)


Started GET "/assets/jquery_ujs.js?body=1" for 138.67.205.249 at 2012-02-15 23:08:10 -0700
Served asset /posts.css - 304 Not Modified (9ms)
Served asset /jquery_ujs.js - 304 Not Modified (0ms)
Served asset /scaffolds.css - 304 Not Modified (9ms)
Served asset /application.css - 304 Not Modified (5ms)


Started GET "/assets/articles.js?body=1" for 138.67.205.249 at 2012-02-15 23:08:10 -0700
Served asset /articles.js - 304 Not Modified (0ms)


Started GET "/assets/posts.js?body=1" for 138.67.205.249 at 2012-02-15 23:08:10 -0700
Served asset /posts.js - 304 Not Modified (0ms)


Started GET "/assets/application.js?body=1" for 138.67.205.249 at 2012-02-15 23:08:10 -0700
Served asset /application.js - 304 Not Modified (4ms)


Started GET "/posts" for 138.67.205.249 at 2012-02-15 23:08:21 -0700
Processing by PostsController#index as HTML
  [1m[36mPost Load (0.5ms)[0m  [1mSELECT "posts".* FROM "posts" [0m
  Rendered posts/index.html.erb within layouts/application (4.0ms)
Completed 200 OK in 37ms (Views: 31.3ms | ActiveRecord: 0.5ms)


Started GET "/assets/application.css?body=1" for 138.67.205.249 at 2012-02-15 23:08:21 -0700
Served asset /application.css - 304 Not Modified (2ms)


Started GET "/assets/articles.css?body=1" for 138.67.205.249 at 2012-02-15 23:08:21 -0700


Started GET "/assets/posts.css?body=1" for 138.67.205.249 at 2012-02-15 23:08:21 -0700


Started GET "/assets/scaffolds.css?body=1" for 138.67.205.249 at 2012-02-15 23:08:21 -0700


Started GET "/assets/jquery.js?body=1" for 138.67.205.249 at 2012-02-15 23:08:21 -0700


Started GET "/assets/jquery_ujs.js?body=1" for 138.67.205.249 at 2012-02-15 23:08:21 -0700
Served asset /articles.css - 304 Not Modified (1ms)


Started GET "/assets/articles.js?body=1" for 138.67.205.249 at 2012-02-15 23:08:21 -0700
Served asset /posts.css - 304 Not Modified (1ms)
Served asset /scaffolds.css - 304 Not Modified (8ms)
Served asset /jquery.js - 304 Not Modified (3ms)
Served asset /jquery_ujs.js - 304 Not Modified (10ms)
Served asset /articles.js - 304 Not Modified (7ms)


Started GET "/assets/posts.js?body=1" for 138.67.205.249 at 2012-02-15 23:08:21 -0700


Started GET "/assets/application.js?body=1" for 138.67.205.249 at 2012-02-15 23:08:21 -0700
Served asset /posts.js - 304 Not Modified (0ms)
Served asset /application.js - 304 Not Modified (4ms)


Started GET "/posts/new" for 138.67.205.249 at 2012-02-15 23:08:23 -0700
Processing by PostsController#new as HTML
  Rendered posts/_form.html.erb (35.2ms)
  Rendered posts/new.html.erb within layouts/application (48.6ms)
Completed 200 OK in 146ms (Views: 114.8ms | ActiveRecord: 0.0ms)


Started GET "/assets/articles.css?body=1" for 138.67.205.249 at 2012-02-15 23:08:23 -0700


Started GET "/assets/posts.css?body=1" for 138.67.205.249 at 2012-02-15 23:08:23 -0700


Started GET "/assets/scaffolds.css?body=1" for 138.67.205.249 at 2012-02-15 23:08:23 -0700


Started GET "/assets/jquery_ujs.js?body=1" for 138.67.205.249 at 2012-02-15 23:08:23 -0700
Served asset /posts.css - 304 Not Modified (1ms)
Served asset /scaffolds.css - 304 Not Modified (1ms)


Started GET "/assets/application.css?body=1" for 138.67.205.249 at 2012-02-15 23:08:23 -0700


Started GET "/assets/jquery.js?body=1" for 138.67.205.249 at 2012-02-15 23:08:23 -0700
Served asset /jquery_ujs.js - 304 Not Modified (1ms)
Served asset /jquery.js - 304 Not Modified (3ms)
Served asset /articles.css - 304 Not Modified (16ms)


Started GET "/assets/articles.js?body=1" for 138.67.205.249 at 2012-02-15 23:08:23 -0700
Served asset /application.css - 304 Not Modified (19ms)
Served asset /articles.js - 304 Not Modified (0ms)


Started GET "/assets/posts.js?body=1" for 138.67.205.249 at 2012-02-15 23:08:23 -0700


Started GET "/assets/application.js?body=1" for 138.67.205.249 at 2012-02-15 23:08:23 -0700
Served asset /posts.js - 304 Not Modified (0ms)
Served asset /application.js - 304 Not Modified (4ms)


Started GET "/posts/new" for 138.67.205.249 at 2012-02-15 23:11:00 -0700
Processing by PostsController#new as HTML
  Rendered posts/_form.html.erb (14.4ms)
  Rendered posts/new.html.erb within layouts/application (17.5ms)
Completed 200 OK in 131ms (Views: 44.6ms | ActiveRecord: 0.0ms)


Started GET "/assets/application.css?body=1" for 138.67.205.249 at 2012-02-15 23:11:00 -0700


Started GET "/assets/articles.css?body=1" for 138.67.205.249 at 2012-02-15 23:11:00 -0700


Started GET "/assets/posts.css?body=1" for 138.67.205.249 at 2012-02-15 23:11:00 -0700


Started GET "/assets/jquery_ujs.js?body=1" for 138.67.205.249 at 2012-02-15 23:11:00 -0700


Started GET "/assets/jquery.js?body=1" for 138.67.205.249 at 2012-02-15 23:11:00 -0700
Served asset /application.css - 304 Not Modified (4ms)
Served asset /articles.css - 304 Not Modified (1ms)


Started GET "/assets/scaffolds.css?body=1" for 138.67.205.249 at 2012-02-15 23:11:00 -0700
Served asset /jquery.js - 304 Not Modified (3ms)
Served asset /jquery_ujs.js - 304 Not Modified (1ms)
Served asset /scaffolds.css - 304 Not Modified (0ms)
Served asset /posts.css - 304 Not Modified (0ms)


Started GET "/assets/posts.js?body=1" for 138.67.205.249 at 2012-02-15 23:11:00 -0700


Started GET "/assets/articles.js?body=1" for 138.67.205.249 at 2012-02-15 23:11:00 -0700


Started GET "/assets/application.js?body=1" for 138.67.205.249 at 2012-02-15 23:11:00 -0700
Served asset /articles.js - 304 Not Modified (0ms)
Served asset /posts.js - 304 Not Modified (0ms)
Served asset /application.js - 304 Not Modified (57ms)


Started POST "/posts" for 138.67.205.249 at 2012-02-15 23:11:02 -0700
Processing by PostsController#create as HTML
  Parameters: {"utf8"=>"", "authenticity_token"=>"0ELsVR1yCFJPbZG53yluxRtjDsJv5PIjUk1jHqPvzPE=", "post"=>{"name"=>"", "title"=>"", "content"=>""}, "commit"=>"Create Post"}
  [1m[36m (0.3ms)[0m  [1mbegin transaction[0m
  [1m[35m (0.3ms)[0m  rollback transaction
  Rendered posts/_form.html.erb (25.4ms)
  Rendered posts/new.html.erb within layouts/application (38.4ms)
Completed 200 OK in 131ms (Views: 66.3ms | ActiveRecord: 0.6ms)


Started GET "/assets/application.css?body=1" for 138.67.205.249 at 2012-02-15 23:11:02 -0700


Started GET "/assets/articles.css?body=1" for 138.67.205.249 at 2012-02-15 23:11:02 -0700


Started GET "/assets/posts.css?body=1" for 138.67.205.249 at 2012-02-15 23:11:02 -0700


Started GET "/assets/jquery.js?body=1" for 138.67.205.249 at 2012-02-15 23:11:02 -0700


Started GET "/assets/jquery_ujs.js?body=1" for 138.67.205.249 at 2012-02-15 23:11:02 -0700


Started GET "/assets/scaffolds.css?body=1" for 138.67.205.249 at 2012-02-15 23:11:02 -0700
Served asset /application.css - 304 Not Modified (4ms)
Served asset /scaffolds.css - 304 Not Modified (0ms)
Served asset /jquery.js - 304 Not Modified (3ms)
Served asset /articles.css - 304 Not Modified (0ms)
Served asset /posts.css - 304 Not Modified (1ms)
Served asset /jquery_ujs.js - 304 Not Modified (1ms)


Started GET "/assets/articles.js?body=1" for 138.67.205.249 at 2012-02-15 23:11:02 -0700


Started GET "/assets/posts.js?body=1" for 138.67.205.249 at 2012-02-15 23:11:02 -0700


Started GET "/assets/application.js?body=1" for 138.67.205.249 at 2012-02-15 23:11:02 -0700
Served asset /articles.js - 304 Not Modified (7ms)
Served asset /posts.js - 304 Not Modified (0ms)
Served asset /application.js - 304 Not Modified (4ms)


Started GET "/" for 138.67.205.249 at 2012-02-15 23:20:08 -0700
Processing by ArticlesController#index as HTML
  Rendered articles/index.html.erb within layouts/application (17.3ms)
Completed 500 Internal Server Error in 25ms

ActionView::Template::Error (undefined method `each' for nil:NilClass):
    10:       <th></th>
    11:     </tr>
    12:  
    13:   <% @posts.each do |post| %>
    14:     <tr>
    15:       <td><%= post.name %></td>
    16:       <td><%= post.title %></td>
  app/views/articles/index.html.erb:13:in `_app_views_articles_index_html_erb__3338964068355448676_37093380'


  Rendered /var/lib/gems/1.9.1/gems/actionpack-3.2.1/lib/action_dispatch/middleware/templates/rescues/_trace.erb (67.3ms)
  Rendered /var/lib/gems/1.9.1/gems/actionpack-3.2.1/lib/action_dispatch/middleware/templates/rescues/_request_and_response.erb (4.0ms)
  Rendered /var/lib/gems/1.9.1/gems/actionpack-3.2.1/lib/action_dispatch/middleware/templates/rescues/template_error.erb within rescues/layout (79.7ms)


Started GET "/" for 138.67.205.249 at 2012-02-15 23:21:44 -0700
Processing by ArticlesController#index as HTML
  Rendered articles/index.html.erb within layouts/application (2.8ms)
Completed 200 OK in 30ms (Views: 29.3ms | ActiveRecord: 0.0ms)


Started GET "/assets/application.css?body=1" for 138.67.205.249 at 2012-02-15 23:21:44 -0700
Served asset /application.css - 304 Not Modified (2ms)


Started GET "/assets/articles.css?body=1" for 138.67.205.249 at 2012-02-15 23:21:44 -0700
Served asset /articles.css - 304 Not Modified (1ms)


Started GET "/assets/posts.css?body=1" for 138.67.205.249 at 2012-02-15 23:21:44 -0700
Served asset /posts.css - 304 Not Modified (1ms)


Started GET "/assets/scaffolds.css?body=1" for 138.67.205.249 at 2012-02-15 23:21:44 -0700
Served asset /scaffolds.css - 304 Not Modified (0ms)


Started GET "/assets/jquery_ujs.js?body=1" for 138.67.205.249 at 2012-02-15 23:21:44 -0700
Served asset /jquery_ujs.js - 304 Not Modified (0ms)


Started GET "/assets/articles.js?body=1" for 138.67.205.249 at 2012-02-15 23:21:44 -0700
Served asset /articles.js - 304 Not Modified (0ms)


Started GET "/assets/jquery.js?body=1" for 138.67.205.249 at 2012-02-15 23:21:44 -0700
Served asset /jquery.js - 304 Not Modified (2ms)


Started GET "/assets/posts.js?body=1" for 138.67.205.249 at 2012-02-15 23:21:44 -0700
Served asset /posts.js - 304 Not Modified (6ms)


Started GET "/assets/application.js?body=1" for 138.67.205.249 at 2012-02-15 23:21:44 -0700
Served asset /application.js - 304 Not Modified (4ms)


Started GET "/posts" for 138.67.205.249 at 2012-02-15 23:21:46 -0700
Processing by PostsController#index as HTML
  [1m[36mPost Load (0.8ms)[0m  [1mSELECT "posts".* FROM "posts" [0m
  Rendered posts/index.html.erb within layouts/application (4.5ms)
Completed 200 OK in 41ms (Views: 34.7ms | ActiveRecord: 0.8ms)


Started GET "/assets/application.css?body=1" for 138.67.205.249 at 2012-02-15 23:21:46 -0700
Served asset /application.css - 304 Not Modified (2ms)


Started GET "/assets/articles.css?body=1" for 138.67.205.249 at 2012-02-15 23:21:46 -0700
Served asset /articles.css - 304 Not Modified (0ms)


Started GET "/assets/posts.css?body=1" for 138.67.205.249 at 2012-02-15 23:21:46 -0700
Served asset /posts.css - 304 Not Modified (0ms)


Started GET "/assets/scaffolds.css?body=1" for 138.67.205.249 at 2012-02-15 23:21:46 -0700
Served asset /scaffolds.css - 304 Not Modified (0ms)


Started GET "/assets/jquery.js?body=1" for 138.67.205.249 at 2012-02-15 23:21:46 -0700
Served asset /jquery.js - 304 Not Modified (2ms)


Started GET "/assets/jquery_ujs.js?body=1" for 138.67.205.249 at 2012-02-15 23:21:46 -0700
Served asset /jquery_ujs.js - 304 Not Modified (1ms)


Started GET "/assets/articles.js?body=1" for 138.67.205.249 at 2012-02-15 23:21:46 -0700
Served asset /articles.js - 304 Not Modified (0ms)


Started GET "/assets/posts.js?body=1" for 138.67.205.249 at 2012-02-15 23:21:46 -0700
Served asset /posts.js - 304 Not Modified (0ms)


Started GET "/assets/application.js?body=1" for 138.67.205.249 at 2012-02-15 23:21:46 -0700
Served asset /application.js - 304 Not Modified (4ms)


Started GET "/posts" for 138.67.205.249 at 2012-02-15 23:24:32 -0700
Processing by PostsController#index as HTML
  [1m[36mPost Load (0.6ms)[0m  [1mSELECT "posts".* FROM "posts" [0m
  Rendered posts/index.html.erb within layouts/application (58.1ms)
Completed 200 OK in 167ms (Views: 161.1ms | ActiveRecord: 0.6ms)


Started GET "/assets/posts.css?body=1" for 138.67.205.249 at 2012-02-15 23:24:33 -0700


Started GET "/assets/jquery.js?body=1" for 138.67.205.249 at 2012-02-15 23:24:33 -0700
Served asset /posts.css - 304 Not Modified (0ms)


Started GET "/assets/scaffolds.css?body=1" for 138.67.205.249 at 2012-02-15 23:24:33 -0700
Served asset /scaffolds.css - 304 Not Modified (1ms)


Started GET "/assets/jquery_ujs.js?body=1" for 138.67.205.249 at 2012-02-15 23:24:33 -0700
Served asset /jquery.js - 304 Not Modified (16ms)


Started GET "/assets/articles.css?body=1" for 138.67.205.249 at 2012-02-15 23:24:33 -0700
Served asset /jquery_ujs.js - 304 Not Modified (1ms)


Started GET "/assets/articles.js?body=1" for 138.67.205.249 at 2012-02-15 23:24:33 -0700
Served asset /articles.css - 304 Not Modified (9ms)


Started GET "/assets/posts.js?body=1" for 138.67.205.249 at 2012-02-15 23:24:33 -0700
Served asset /articles.js - 304 Not Modified (1ms)


Started GET "/assets/application.js?body=1" for 138.67.205.249 at 2012-02-15 23:24:33 -0700
Served asset /posts.js - 304 Not Modified (10ms)
Served asset /application.js - 304 Not Modified (9ms)


Started GET "/assets/application.css?body=1" for 138.67.205.249 at 2012-02-15 23:24:35 -0700
Served asset /application.css - 304 Not Modified (26ms)


Started GET "/posts" for 138.67.205.249 at 2012-02-15 23:24:46 -0700
Processing by PostsController#index as HTML
  [1m[36mPost Load (0.5ms)[0m  [1mSELECT "posts".* FROM "posts" [0m
  Rendered posts/index.html.erb within layouts/application (57.3ms)
Completed 200 OK in 158ms (Views: 152.6ms | ActiveRecord: 0.5ms)


Started GET "/assets/application.css?body=1" for 138.67.205.249 at 2012-02-15 23:24:46 -0700
Served asset /application.css - 304 Not Modified (2ms)


Started GET "/assets/jquery.js?body=1" for 138.67.205.249 at 2012-02-15 23:24:46 -0700


Started GET "/assets/scaffolds.css?body=1" for 138.67.205.249 at 2012-02-15 23:24:46 -0700


Started GET "/assets/articles.css?body=1" for 138.67.205.249 at 2012-02-15 23:24:46 -0700
Served asset /jquery.js - 304 Not Modified (3ms)
Served asset /scaffolds.css - 304 Not Modified (9ms)
Served asset /articles.css - 304 Not Modified (10ms)


Started GET "/assets/jquery_ujs.js?body=1" for 138.67.205.249 at 2012-02-15 23:24:46 -0700


Started GET "/assets/articles.js?body=1" for 138.67.205.249 at 2012-02-15 23:24:46 -0700


Started GET "/assets/posts.js?body=1" for 138.67.205.249 at 2012-02-15 23:24:46 -0700
Served asset /jquery_ujs.js - 304 Not Modified (5ms)
Served asset /articles.js - 304 Not Modified (10ms)


Started GET "/assets/application.js?body=1" for 138.67.205.249 at 2012-02-15 23:24:46 -0700
Served asset /posts.js - 304 Not Modified (9ms)
Served asset /application.js - 304 Not Modified (7ms)


Started GET "/assets/posts.css?body=1" for 138.67.205.249 at 2012-02-15 23:24:48 -0700
Served asset /posts.css - 304 Not Modified (14ms)


Started GET "/" for 138.67.205.249 at 2012-02-15 23:26:22 -0700
Processing by ArticlesController#index as HTML
  Rendered articles/index.html.erb within layouts/application (10.8ms)
Completed 200 OK in 203ms (Views: 201.1ms | ActiveRecord: 0.0ms)


Started GET "/assets/articles.css?body=1" for 138.67.205.249 at 2012-02-15 23:26:23 -0700


Started GET "/assets/posts.css?body=1" for 138.67.205.249 at 2012-02-15 23:26:23 -0700


Started GET "/assets/jquery_ujs.js?body=1" for 138.67.205.249 at 2012-02-15 23:26:23 -0700
Served asset /articles.css - 304 Not Modified (1ms)


Started GET "/assets/application.css?body=1" for 138.67.205.249 at 2012-02-15 23:26:23 -0700
Served asset /posts.css - 304 Not Modified (9ms)


Started GET "/assets/scaffolds.css?body=1" for 138.67.205.249 at 2012-02-15 23:26:23 -0700
Served asset /jquery_ujs.js - 304 Not Modified (11ms)
Served asset /scaffolds.css - 304 Not Modified (1ms)


Started GET "/assets/articles.js?body=1" for 138.67.205.249 at 2012-02-15 23:26:23 -0700


Started GET "/assets/posts.js?body=1" for 138.67.205.249 at 2012-02-15 23:26:23 -0700
Served asset /articles.js - 304 Not Modified (1ms)
Served asset /posts.js - 304 Not Modified (3ms)


Started GET "/assets/application.js?body=1" for 138.67.205.249 at 2012-02-15 23:26:23 -0700
Served asset /application.js - 304 Not Modified (4ms)
Served asset /application.css - 304 Not Modified (43ms)


Started GET "/assets/jquery.js?body=1" for 138.67.205.249 at 2012-02-15 23:26:24 -0700
Served asset /jquery.js - 304 Not Modified (18ms)


Started GET "/posts" for 138.67.205.249 at 2012-02-15 23:26:27 -0700
Processing by PostsController#index as HTML
  [1m[36mPost Load (0.5ms)[0m  [1mSELECT "posts".* FROM "posts" [0m
  Rendered posts/index.html.erb within layouts/application (12.0ms)
Completed 200 OK in 160ms (Views: 154.0ms | ActiveRecord: 0.5ms)


Started GET "/assets/articles.css?body=1" for 138.67.205.249 at 2012-02-15 23:26:27 -0700


Started GET "/assets/application.css?body=1" for 138.67.205.249 at 2012-02-15 23:26:27 -0700


Started GET "/assets/posts.css?body=1" for 138.67.205.249 at 2012-02-15 23:26:27 -0700


Started GET "/assets/jquery.js?body=1" for 138.67.205.249 at 2012-02-15 23:26:27 -0700


Started GET "/assets/scaffolds.css?body=1" for 138.67.205.249 at 2012-02-15 23:26:27 -0700
Served asset /posts.css - 304 Not Modified (1ms)
Served asset /articles.css - 304 Not Modified (13ms)
Served asset /scaffolds.css - 304 Not Modified (0ms)


Started GET "/assets/jquery_ujs.js?body=1" for 138.67.205.249 at 2012-02-15 23:26:27 -0700
Served asset /jquery.js - 304 Not Modified (16ms)


Started GET "/assets/articles.js?body=1" for 138.67.205.249 at 2012-02-15 23:26:27 -0700
Served asset /jquery_ujs.js - 304 Not Modified (16ms)


Started GET "/assets/application.js?body=1" for 138.67.205.249 at 2012-02-15 23:26:27 -0700
Served asset /application.css - 304 Not Modified (32ms)
Served asset /articles.js - 304 Not Modified (8ms)
Served asset /application.js - 304 Not Modified (26ms)


Started GET "/assets/posts.js?body=1" for 138.67.205.249 at 2012-02-15 23:26:30 -0700
Served asset /posts.js - 304 Not Modified (14ms)


Started GET "/posts" for 138.67.205.249 at 2012-02-15 23:29:45 -0700
Processing by PostsController#index as HTML
  [1m[36mPost Load (0.5ms)[0m  [1mSELECT "posts".* FROM "posts" [0m
  Rendered posts/index.html.erb within layouts/application (12.0ms)
Completed 200 OK in 160ms (Views: 153.8ms | ActiveRecord: 0.5ms)


Started GET "/assets/articles.css?body=1" for 138.67.205.249 at 2012-02-15 23:29:46 -0700


Started GET "/assets/posts.css?body=1" for 138.67.205.249 at 2012-02-15 23:29:46 -0700


Started GET "/assets/scaffolds.css?body=1" for 138.67.205.249 at 2012-02-15 23:29:46 -0700


Started GET "/assets/jquery.js?body=1" for 138.67.205.249 at 2012-02-15 23:29:46 -0700


Started GET "/assets/jquery_ujs.js?body=1" for 138.67.205.249 at 2012-02-15 23:29:46 -0700


Started GET "/assets/application.css?body=1" for 138.67.205.249 at 2012-02-15 23:29:46 -0700
Served asset /application.css - 304 Not Modified (67ms)
Served asset /articles.css - 304 Not Modified (1ms)
Served asset /scaffolds.css - 304 Not Modified (7ms)


Started GET "/assets/articles.js?body=1" for 138.67.205.249 at 2012-02-15 23:29:46 -0700
Served asset /articles.js - 304 Not Modified (7ms)


Started GET "/assets/posts.js?body=1" for 138.67.205.249 at 2012-02-15 23:29:46 -0700
Served asset /posts.css - 304 Not Modified (1ms)


Started GET "/assets/application.js?body=1" for 138.67.205.249 at 2012-02-15 23:29:46 -0700
Served asset /posts.js - 304 Not Modified (6ms)
Served asset /jquery.js - 304 Not Modified (2ms)
Served asset /application.js - 304 Not Modified (36ms)
Served asset /jquery_ujs.js - 304 Not Modified (0ms)


Started GET "/" for 138.67.205.249 at 2012-02-15 23:29:48 -0700
Processing by ArticlesController#index as HTML
  Rendered articles/index.html.erb within layouts/application (2.9ms)
Completed 200 OK in 91ms (Views: 89.0ms | ActiveRecord: 0.0ms)


Started GET "/assets/articles.css?body=1" for 138.67.205.249 at 2012-02-15 23:29:48 -0700


Started GET "/assets/application.css?body=1" for 138.67.205.249 at 2012-02-15 23:29:48 -0700


Started GET "/assets/posts.css?body=1" for 138.67.205.249 at 2012-02-15 23:29:48 -0700


Started GET "/assets/jquery_ujs.js?body=1" for 138.67.205.249 at 2012-02-15 23:29:48 -0700


Started GET "/assets/scaffolds.css?body=1" for 138.67.205.249 at 2012-02-15 23:29:48 -0700


Started GET "/assets/jquery.js?body=1" for 138.67.205.249 at 2012-02-15 23:29:48 -0700
Served asset /posts.css - 304 Not Modified (1ms)
Served asset /articles.css - 304 Not Modified (1ms)
Served asset /jquery.js - 304 Not Modified (3ms)
Served asset /jquery_ujs.js - 304 Not Modified (1ms)
Served asset /scaffolds.css - 304 Not Modified (8ms)


Started GET "/assets/articles.js?body=1" for 138.67.205.249 at 2012-02-15 23:29:48 -0700
Served asset /application.css - 304 Not Modified (19ms)


Started GET "/assets/posts.js?body=1" for 138.67.205.249 at 2012-02-15 23:29:48 -0700


Started GET "/assets/application.js?body=1" for 138.67.205.249 at 2012-02-15 23:29:48 -0700
Served asset /articles.js - 304 Not Modified (8ms)
Served asset /posts.js - 304 Not Modified (5ms)
Served asset /application.js - 304 Not Modified (23ms)


Started GET "/" for 138.67.205.249 at 2012-02-15 23:31:10 -0700
Processing by ArticlesController#index as HTML
  Rendered articles/index.html.erb within layouts/application (3.0ms)
Completed 200 OK in 33ms (Views: 30.9ms | ActiveRecord: 0.0ms)


Started GET "/assets/application.css?body=1" for 138.67.205.249 at 2012-02-15 23:31:10 -0700


Started GET "/assets/articles.css?body=1" for 138.67.205.249 at 2012-02-15 23:31:10 -0700


Started GET "/assets/jquery.js?body=1" for 138.67.205.249 at 2012-02-15 23:31:10 -0700


Started GET "/assets/scaffolds.css?body=1" for 138.67.205.249 at 2012-02-15 23:31:10 -0700


Started GET "/assets/posts.css?body=1" for 138.67.205.249 at 2012-02-15 23:31:10 -0700


Started GET "/assets/jquery_ujs.js?body=1" for 138.67.205.249 at 2012-02-15 23:31:10 -0700
Served asset /application.css - 304 Not Modified (2ms)


Started GET "/assets/articles.js?body=1" for 138.67.205.249 at 2012-02-15 23:31:10 -0700
Served asset /articles.js - 304 Not Modified (21ms)


Started GET "/assets/posts.js?body=1" for 138.67.205.249 at 2012-02-15 23:31:10 -0700
Served asset /posts.js - 304 Not Modified (1ms)


Started GET "/assets/application.js?body=1" for 138.67.205.249 at 2012-02-15 23:31:10 -0700
Served asset /jquery_ujs.js - 304 Not Modified (1ms)
Served asset /application.js - 304 Not Modified (19ms)
Served asset /posts.css - 304 Not Modified (11ms)
Served asset /scaffolds.css - 304 Not Modified (0ms)
Served asset /articles.css - 304 Not Modified (1ms)
Served asset /jquery.js - 304 Not Modified (2ms)


Started GET "/" for 138.67.205.249 at 2012-02-15 23:32:34 -0700
Processing by ArticlesController#index as HTML
  Rendered articles/index.html.erb within layouts/application (3.0ms)
Completed 200 OK in 32ms (Views: 30.5ms | ActiveRecord: 0.0ms)


Started GET "/assets/application.css?body=1" for 138.67.205.249 at 2012-02-15 23:32:34 -0700


Started GET "/assets/articles.css?body=1" for 138.67.205.249 at 2012-02-15 23:32:34 -0700


Started GET "/assets/posts.css?body=1" for 138.67.205.249 at 2012-02-15 23:32:34 -0700


Started GET "/assets/jquery.js?body=1" for 138.67.205.249 at 2012-02-15 23:32:34 -0700


Started GET "/assets/jquery_ujs.js?body=1" for 138.67.205.249 at 2012-02-15 23:32:34 -0700
Served asset /articles.css - 304 Not Modified (1ms)
Served asset /posts.css - 304 Not Modified (1ms)


Started GET "/assets/scaffolds.css?body=1" for 138.67.205.249 at 2012-02-15 23:32:34 -0700
Served asset /application.css - 304 Not Modified (4ms)
Served asset /jquery_ujs.js - 304 Not Modified (12ms)
Served asset /jquery.js - 304 Not Modified (16ms)
Served asset /scaffolds.css - 304 Not Modified (10ms)


Started GET "/assets/articles.js?body=1" for 138.67.205.249 at 2012-02-15 23:32:34 -0700


Started GET "/assets/posts.js?body=1" for 138.67.205.249 at 2012-02-15 23:32:34 -0700
Served asset /articles.js - 304 Not Modified (0ms)
Served asset /posts.js - 304 Not Modified (0ms)


Started GET "/assets/application.js?body=1" for 138.67.205.249 at 2012-02-15 23:32:34 -0700
Served asset /application.js - 304 Not Modified (4ms)


Started GET "/" for 138.67.205.249 at 2012-02-15 23:35:06 -0700
Processing by ArticlesController#index as HTML
  Rendered articles/index.html.erb within layouts/application (1.5ms)
Completed 200 OK in 43ms (Views: 28.8ms | ActiveRecord: 0.0ms)


Started GET "/assets/articles.css?body=1" for 138.67.205.249 at 2012-02-15 23:35:06 -0700


Started GET "/assets/application.css?body=1" for 138.67.205.249 at 2012-02-15 23:35:06 -0700


Started GET "/assets/posts.css?body=1" for 138.67.205.249 at 2012-02-15 23:35:06 -0700


Started GET "/assets/jquery_ujs.js?body=1" for 138.67.205.249 at 2012-02-15 23:35:06 -0700


Started GET "/assets/jquery.js?body=1" for 138.67.205.249 at 2012-02-15 23:35:06 -0700
Served asset /articles.css - 304 Not Modified (1ms)
Served asset /application.css - 304 Not Modified (4ms)


Started GET "/assets/scaffolds.css?body=1" for 138.67.205.249 at 2012-02-15 23:35:06 -0700
Served asset /jquery.js - 304 Not Modified (3ms)
Served asset /posts.css - 304 Not Modified (1ms)
Served asset /scaffolds.css - 304 Not Modified (1ms)


Started GET "/assets/articles.js?body=1" for 138.67.205.249 at 2012-02-15 23:35:06 -0700


Started GET "/assets/posts.js?body=1" for 138.67.205.249 at 2012-02-15 23:35:06 -0700
Served asset /articles.js - 304 Not Modified (1ms)
Served asset /posts.js - 304 Not Modified (0ms)


Started GET "/assets/application.js?body=1" for 138.67.205.249 at 2012-02-15 23:35:06 -0700
Served asset /application.js - 304 Not Modified (37ms)
Served asset /jquery_ujs.js - 304 Not Modified (80ms)


Started GET "/" for 138.67.205.249 at 2012-02-15 23:38:36 -0700
Processing by ArticlesController#index as HTML
  Rendered articles/index.html.erb within layouts/application (3.3ms)
Completed 200 OK in 47ms (Views: 32.7ms | ActiveRecord: 0.0ms)


Started GET "/assets/application.css?body=1" for 138.67.205.249 at 2012-02-15 23:38:36 -0700


Started GET "/assets/articles.css?body=1" for 138.67.205.249 at 2012-02-15 23:38:36 -0700


Started GET "/assets/posts.css?body=1" for 138.67.205.249 at 2012-02-15 23:38:36 -0700


Started GET "/assets/scaffolds.css?body=1" for 138.67.205.249 at 2012-02-15 23:38:36 -0700


Started GET "/assets/jquery_ujs.js?body=1" for 138.67.205.249 at 2012-02-15 23:38:36 -0700
Served asset /articles.css - 304 Not Modified (1ms)
Served asset /posts.css - 304 Not Modified (0ms)


Started GET "/assets/jquery.js?body=1" for 138.67.205.249 at 2012-02-15 23:38:36 -0700
Served asset /jquery_ujs.js - 304 Not Modified (1ms)
Served asset /scaffolds.css - 304 Not Modified (6ms)
Served asset /application.css - 304 Not Modified (4ms)
Served asset /jquery.js - 304 Not Modified (13ms)


Started GET "/assets/articles.js?body=1" for 138.67.205.249 at 2012-02-15 23:38:37 -0700


Started GET "/assets/posts.js?body=1" for 138.67.205.249 at 2012-02-15 23:38:37 -0700


Started GET "/assets/application.js?body=1" for 138.67.205.249 at 2012-02-15 23:38:37 -0700
Served asset /articles.js - 304 Not Modified (1ms)
Served asset /posts.js - 304 Not Modified (1ms)
Served asset /application.js - 304 Not Modified (4ms)


Started GET "/" for 138.67.205.249 at 2012-02-15 23:43:31 -0700
Processing by ArticlesController#index as HTML
ERROR: compiling _app_views_articles_index_html_erb__3338964068355448676_27179780 RAISED /home/kicombs/cs446/src/project04/app/views/articles/index.html.erb:16: syntax error, unexpected keyword_ensure, expecting keyword_end
/home/kicombs/cs446/src/project04/app/views/articles/index.html.erb:18: syntax error, unexpected $end, expecting keyword_end
Function body:           def _app_views_articles_index_html_erb__3338964068355448676_27179780(local_assigns, output_buffer)
            _old_virtual_path, @virtual_path = @virtual_path, "articles/index";_old_output_buffer = @output_buffer;;@output_buffer = output_buffer || ActionView::OutputBuffer.new; if notice 
@output_buffer.safe_concat('<p id="notice">
');@output_buffer.append= ( notice );@output_buffer.safe_concat('
');@output_buffer.safe_concat('</p>
'); end 
@output_buffer.safe_concat('
<h>Articl.es</h1>

'); @posts.each do |posts| 
@output_buffer.safe_concat('  <div>
    <h3> ');@output_buffer.append= ( post.title );@output_buffer.safe_concat(' </h3>
    <h3> ');@output_buffer.append= ( post.name );@output_buffer.safe_concat(' </h3>
    <h3> ');@output_buffer.append= ( post.content );@output_buffer.safe_concat(' </h3>
');@output_buffer.append= ( link_to "All Articles", posts_path );@output_buffer.safe_concat('
');@output_buffer.to_s
          ensure
            @virtual_path, @output_buffer = _old_virtual_path, _old_output_buffer
          end

Backtrace: /var/lib/gems/1.9.1/gems/actionpack-3.2.1/lib/action_view/template.rb:285:in `module_eval'
/var/lib/gems/1.9.1/gems/actionpack-3.2.1/lib/action_view/template.rb:285:in `compile'
/var/lib/gems/1.9.1/gems/actionpack-3.2.1/lib/action_view/template.rb:233:in `compile!'
/var/lib/gems/1.9.1/gems/actionpack-3.2.1/lib/action_view/template.rb:142:in `block in render'
/var/lib/gems/1.9.1/gems/activesupport-3.2.1/lib/active_support/notifications.rb:125:in `instrument'
/var/lib/gems/1.9.1/gems/actionpack-3.2.1/lib/action_view/template.rb:141:in `render'
/var/lib/gems/1.9.1/gems/actionpack-3.2.1/lib/action_view/renderer/template_renderer.rb:41:in `block (2 levels) in render_template'
/var/lib/gems/1.9.1/gems/actionpack-3.2.1/lib/action_view/renderer/abstract_renderer.rb:38:in `block in instrument'
/var/lib/gems/1.9.1/gems/activesupport-3.2.1/lib/active_support/notifications.rb:123:in `block in instrument'
/var/lib/gems/1.9.1/gems/activesupport-3.2.1/lib/active_support/notifications/instrumenter.rb:20:in `instrument'
/var/lib/gems/1.9.1/gems/activesupport-3.2.1/lib/active_support/notifications.rb:123:in `instrument'
/var/lib/gems/1.9.1/gems/actionpack-3.2.1/lib/action_view/renderer/abstract_renderer.rb:38:in `instrument'
/var/lib/gems/1.9.1/gems/actionpack-3.2.1/lib/action_view/renderer/template_renderer.rb:40:in `block in render_template'
/var/lib/gems/1.9.1/gems/actionpack-3.2.1/lib/action_view/renderer/template_renderer.rb:48:in `render_with_layout'
/var/lib/gems/1.9.1/gems/actionpack-3.2.1/lib/action_view/renderer/template_renderer.rb:39:in `render_template'
/var/lib/gems/1.9.1/gems/actionpack-3.2.1/lib/action_view/renderer/template_renderer.rb:12:in `render'
/var/lib/gems/1.9.1/gems/actionpack-3.2.1/lib/action_view/renderer/renderer.rb:36:in `render_template'
/var/lib/gems/1.9.1/gems/actionpack-3.2.1/lib/action_view/renderer/renderer.rb:17:in `render'
/var/lib/gems/1.9.1/gems/actionpack-3.2.1/lib/abstract_controller/rendering.rb:109:in `_render_template'
/var/lib/gems/1.9.1/gems/actionpack-3.2.1/lib/action_controller/metal/streaming.rb:225:in `_render_template'
/var/lib/gems/1.9.1/gems/actionpack-3.2.1/lib/abstract_controller/rendering.rb:103:in `render_to_body'
/var/lib/gems/1.9.1/gems/actionpack-3.2.1/lib/action_controller/metal/renderers.rb:28:in `render_to_body'
/var/lib/gems/1.9.1/gems/actionpack-3.2.1/lib/action_controller/metal/compatibility.rb:50:in `render_to_body'
/var/lib/gems/1.9.1/gems/actionpack-3.2.1/lib/abstract_controller/rendering.rb:88:in `render'
/var/lib/gems/1.9.1/gems/actionpack-3.2.1/lib/action_controller/metal/rendering.rb:16:in `render'
/var/lib/gems/1.9.1/gems/actionpack-3.2.1/lib/action_controller/metal/instrumentation.rb:40:in `block (2 levels) in render'
/var/lib/gems/1.9.1/gems/activesupport-3.2.1/lib/active_support/core_ext/benchmark.rb:5:in `block in ms'
/usr/lib/ruby/1.9.1/benchmark.rb:295:in `realtime'
/var/lib/gems/1.9.1/gems/activesupport-3.2.1/lib/active_support/core_ext/benchmark.rb:5:in `ms'
/var/lib/gems/1.9.1/gems/actionpack-3.2.1/lib/action_controller/metal/instrumentation.rb:40:in `block in render'
/var/lib/gems/1.9.1/gems/actionpack-3.2.1/lib/action_controller/metal/instrumentation.rb:83:in `cleanup_view_runtime'
/var/lib/gems/1.9.1/gems/activerecord-3.2.1/lib/active_record/railties/controller_runtime.rb:24:in `cleanup_view_runtime'
/var/lib/gems/1.9.1/gems/actionpack-3.2.1/lib/action_controller/metal/instrumentation.rb:39:in `render'
/var/lib/gems/1.9.1/gems/actionpack-3.2.1/lib/action_controller/metal/implicit_render.rb:10:in `default_render'
/var/lib/gems/1.9.1/gems/actionpack-3.2.1/lib/action_controller/metal/implicit_render.rb:5:in `send_action'
/var/lib/gems/1.9.1/gems/actionpack-3.2.1/lib/abstract_controller/base.rb:167:in `process_action'
/var/lib/gems/1.9.1/gems/actionpack-3.2.1/lib/action_controller/metal/rendering.rb:10:in `process_action'
/var/lib/gems/1.9.1/gems/actionpack-3.2.1/lib/abstract_controller/callbacks.rb:18:in `block in process_action'
/var/lib/gems/1.9.1/gems/activesupport-3.2.1/lib/active_support/callbacks.rb:414:in `_run__1155815530695715338__process_action__4545771904444761120__callbacks'
/var/lib/gems/1.9.1/gems/activesupport-3.2.1/lib/active_support/callbacks.rb:405:in `__run_callback'
/var/lib/gems/1.9.1/gems/activesupport-3.2.1/lib/active_support/callbacks.rb:385:in `_run_process_action_callbacks'
/var/lib/gems/1.9.1/gems/activesupport-3.2.1/lib/active_support/callbacks.rb:81:in `run_callbacks'
/var/lib/gems/1.9.1/gems/actionpack-3.2.1/lib/abstract_controller/callbacks.rb:17:in `process_action'
/var/lib/gems/1.9.1/gems/actionpack-3.2.1/lib/action_controller/metal/rescue.rb:29:in `process_action'
/var/lib/gems/1.9.1/gems/actionpack-3.2.1/lib/action_controller/metal/instrumentation.rb:30:in `block in process_action'
/var/lib/gems/1.9.1/gems/activesupport-3.2.1/lib/active_support/notifications.rb:123:in `block in instrument'
/var/lib/gems/1.9.1/gems/activesupport-3.2.1/lib/active_support/notifications/instrumenter.rb:20:in `instrument'
/var/lib/gems/1.9.1/gems/activesupport-3.2.1/lib/active_support/notifications.rb:123:in `instrument'
/var/lib/gems/1.9.1/gems/actionpack-3.2.1/lib/action_controller/metal/instrumentation.rb:29:in `process_action'
/var/lib/gems/1.9.1/gems/actionpack-3.2.1/lib/action_controller/metal/params_wrapper.rb:205:in `process_action'
/var/lib/gems/1.9.1/gems/activerecord-3.2.1/lib/active_record/railties/controller_runtime.rb:18:in `process_action'
/var/lib/gems/1.9.1/gems/actionpack-3.2.1/lib/abstract_controller/base.rb:121:in `process'
/var/lib/gems/1.9.1/gems/actionpack-3.2.1/lib/abstract_controller/rendering.rb:45:in `process'
/var/lib/gems/1.9.1/gems/actionpack-3.2.1/lib/action_controller/metal.rb:203:in `dispatch'
/var/lib/gems/1.9.1/gems/actionpack-3.2.1/lib/action_controller/metal/rack_delegation.rb:14:in `dispatch'
/var/lib/gems/1.9.1/gems/actionpack-3.2.1/lib/action_controller/metal.rb:246:in `block in action'
/var/lib/gems/1.9.1/gems/actionpack-3.2.1/lib/action_dispatch/routing/route_set.rb:66:in `call'
/var/lib/gems/1.9.1/gems/actionpack-3.2.1/lib/action_dispatch/routing/route_set.rb:66:in `dispatch'
/var/lib/gems/1.9.1/gems/actionpack-3.2.1/lib/action_dispatch/routing/route_set.rb:30:in `call'
/var/lib/gems/1.9.1/gems/journey-1.0.1/lib/journey/router.rb:68:in `block in call'
/var/lib/gems/1.9.1/gems/journey-1.0.1/lib/journey/router.rb:56:in `each'
/var/lib/gems/1.9.1/gems/journey-1.0.1/lib/journey/router.rb:56:in `call'
/var/lib/gems/1.9.1/gems/actionpack-3.2.1/lib/action_dispatch/routing/route_set.rb:589:in `call'
/var/lib/gems/1.9.1/gems/actionpack-3.2.1/lib/action_dispatch/middleware/best_standards_support.rb:17:in `call'
/var/lib/gems/1.9.1/gems/rack-1.4.1/lib/rack/etag.rb:23:in `call'
/var/lib/gems/1.9.1/gems/rack-1.4.1/lib/rack/conditionalget.rb:25:in `call'
/var/lib/gems/1.9.1/gems/actionpack-3.2.1/lib/action_dispatch/middleware/head.rb:14:in `call'
/var/lib/gems/1.9.1/gems/actionpack-3.2.1/lib/action_dispatch/middleware/params_parser.rb:21:in `call'
/var/lib/gems/1.9.1/gems/actionpack-3.2.1/lib/action_dispatch/middleware/flash.rb:242:in `call'
/var/lib/gems/1.9.1/gems/rack-1.4.1/lib/rack/session/abstract/id.rb:205:in `context'
/var/lib/gems/1.9.1/gems/rack-1.4.1/lib/rack/session/abstract/id.rb:200:in `call'
/var/lib/gems/1.9.1/gems/actionpack-3.2.1/lib/action_dispatch/middleware/cookies.rb:338:in `call'
/var/lib/gems/1.9.1/gems/activerecord-3.2.1/lib/active_record/query_cache.rb:64:in `call'
/var/lib/gems/1.9.1/gems/activerecord-3.2.1/lib/active_record/connection_adapters/abstract/connection_pool.rb:443:in `call'
/var/lib/gems/1.9.1/gems/actionpack-3.2.1/lib/action_dispatch/middleware/callbacks.rb:28:in `block in call'
/var/lib/gems/1.9.1/gems/activesupport-3.2.1/lib/active_support/callbacks.rb:405:in `_run__1920823675835532313__call__2085513171829894177__callbacks'
/var/lib/gems/1.9.1/gems/activesupport-3.2.1/lib/active_support/callbacks.rb:405:in `__run_callback'
/var/lib/gems/1.9.1/gems/activesupport-3.2.1/lib/active_support/callbacks.rb:385:in `_run_call_callbacks'
/var/lib/gems/1.9.1/gems/activesupport-3.2.1/lib/active_support/callbacks.rb:81:in `run_callbacks'
/var/lib/gems/1.9.1/gems/actionpack-3.2.1/lib/action_dispatch/middleware/callbacks.rb:27:in `call'
/var/lib/gems/1.9.1/gems/actionpack-3.2.1/lib/action_dispatch/middleware/reloader.rb:65:in `call'
/var/lib/gems/1.9.1/gems/actionpack-3.2.1/lib/action_dispatch/middleware/remote_ip.rb:31:in `call'
/var/lib/gems/1.9.1/gems/actionpack-3.2.1/lib/action_dispatch/middleware/debug_exceptions.rb:16:in `call'
/var/lib/gems/1.9.1/gems/actionpack-3.2.1/lib/action_dispatch/middleware/show_exceptions.rb:56:in `call'
/var/lib/gems/1.9.1/gems/railties-3.2.1/lib/rails/rack/logger.rb:26:in `call_app'
/var/lib/gems/1.9.1/gems/railties-3.2.1/lib/rails/rack/logger.rb:16:in `call'
/var/lib/gems/1.9.1/gems/actionpack-3.2.1/lib/action_dispatch/middleware/request_id.rb:22:in `call'
/var/lib/gems/1.9.1/gems/rack-1.4.1/lib/rack/methodoverride.rb:21:in `call'
/var/lib/gems/1.9.1/gems/rack-1.4.1/lib/rack/runtime.rb:17:in `call'
/var/lib/gems/1.9.1/gems/activesupport-3.2.1/lib/active_support/cache/strategy/local_cache.rb:72:in `call'
/var/lib/gems/1.9.1/gems/rack-1.4.1/lib/rack/lock.rb:15:in `call'
/var/lib/gems/1.9.1/gems/actionpack-3.2.1/lib/action_dispatch/middleware/static.rb:53:in `call'
/var/lib/gems/1.9.1/gems/railties-3.2.1/lib/rails/engine.rb:479:in `call'
/var/lib/gems/1.9.1/gems/railties-3.2.1/lib/rails/application.rb:220:in `call'
/var/lib/gems/1.9.1/gems/railties-3.2.1/lib/rails/railtie/configurable.rb:30:in `method_missing'
/var/lib/gems/1.9.1/gems/passenger-3.0.11/lib/phusion_passenger/rack/request_handler.rb:96:in `process_request'
/var/lib/gems/1.9.1/gems/passenger-3.0.11/lib/phusion_passenger/abstract_request_handler.rb:513:in `accept_and_process_next_request'
/var/lib/gems/1.9.1/gems/passenger-3.0.11/lib/phusion_passenger/abstract_request_handler.rb:274:in `main_loop'
/var/lib/gems/1.9.1/gems/passenger-3.0.11/lib/phusion_passenger/rack/application_spawner.rb:206:in `start_request_handler'
/var/lib/gems/1.9.1/gems/passenger-3.0.11/lib/phusion_passenger/rack/application_spawner.rb:171:in `block in handle_spawn_application'
/var/lib/gems/1.9.1/gems/passenger-3.0.11/lib/phusion_passenger/utils.rb:479:in `safe_fork'
/var/lib/gems/1.9.1/gems/passenger-3.0.11/lib/phusion_passenger/rack/application_spawner.rb:166:in `handle_spawn_application'
/var/lib/gems/1.9.1/gems/passenger-3.0.11/lib/phusion_passenger/abstract_server.rb:357:in `server_main_loop'
/var/lib/gems/1.9.1/gems/passenger-3.0.11/lib/phusion_passenger/abstract_server.rb:206:in `start_synchronously'
/var/lib/gems/1.9.1/gems/passenger-3.0.11/lib/phusion_passenger/abstract_server.rb:180:in `start'
/var/lib/gems/1.9.1/gems/passenger-3.0.11/lib/phusion_passenger/rack/application_spawner.rb:129:in `start'
/var/lib/gems/1.9.1/gems/passenger-3.0.11/lib/phusion_passenger/spawn_manager.rb:253:in `block (2 levels) in spawn_rack_application'
/var/lib/gems/1.9.1/gems/passenger-3.0.11/lib/phusion_passenger/abstract_server_collection.rb:132:in `lookup_or_add'
/var/lib/gems/1.9.1/gems/passenger-3.0.11/lib/phusion_passenger/spawn_manager.rb:246:in `block in spawn_rack_application'
/var/lib/gems/1.9.1/gems/passenger-3.0.11/lib/phusion_passenger/abstract_server_collection.rb:82:in `block in synchronize'
<internal:prelude>:10:in `synchronize'
/var/lib/gems/1.9.1/gems/passenger-3.0.11/lib/phusion_passenger/abstract_server_collection.rb:79:in `synchronize'
/var/lib/gems/1.9.1/gems/passenger-3.0.11/lib/phusion_passenger/spawn_manager.rb:244:in `spawn_rack_application'
/var/lib/gems/1.9.1/gems/passenger-3.0.11/lib/phusion_passenger/spawn_manager.rb:137:in `spawn_application'
/var/lib/gems/1.9.1/gems/passenger-3.0.11/lib/phusion_passenger/spawn_manager.rb:275:in `handle_spawn_application'
/var/lib/gems/1.9.1/gems/passenger-3.0.11/lib/phusion_passenger/abstract_server.rb:357:in `server_main_loop'
/var/lib/gems/1.9.1/gems/passenger-3.0.11/lib/phusion_passenger/abstract_server.rb:206:in `start_synchronously'
/var/lib/gems/1.9.1/gems/passenger-3.0.11/helper-scripts/passenger-spawn-server:99:in `<main>'
  Rendered articles/index.html.erb within layouts/application (16.4ms)
Completed 500 Internal Server Error in 214ms

ActionView::Template::Error (/home/kicombs/cs446/src/project04/app/views/articles/index.html.erb:16: syntax error, unexpected keyword_ensure, expecting keyword_end
/home/kicombs/cs446/src/project04/app/views/articles/index.html.erb:18: syntax error, unexpected $end, expecting keyword_end):
    13:     <h3> <%= post.content %> </h3>
    14: <%= link_to "All Articles", posts_path %>
  actionpack (3.2.1) lib/action_view/template.rb:285:in `module_eval'
  actionpack (3.2.1) lib/action_view/template.rb:285:in `compile'
  actionpack (3.2.1) lib/action_view/template.rb:233:in `compile!'
  actionpack (3.2.1) lib/action_view/template.rb:142:in `block in render'
  activesupport (3.2.1) lib/active_support/notifications.rb:125:in `instrument'
  actionpack (3.2.1) lib/action_view/template.rb:141:in `render'
  actionpack (3.2.1) lib/action_view/renderer/template_renderer.rb:41:in `block (2 levels) in render_template'
  actionpack (3.2.1) lib/action_view/renderer/abstract_renderer.rb:38:in `block in instrument'
  activesupport (3.2.1) lib/active_support/notifications.rb:123:in `block in instrument'
  activesupport (3.2.1) lib/active_support/notifications/instrumenter.rb:20:in `instrument'
  activesupport (3.2.1) lib/active_support/notifications.rb:123:in `instrument'
  actionpack (3.2.1) lib/action_view/renderer/abstract_renderer.rb:38:in `instrument'
  actionpack (3.2.1) lib/action_view/renderer/template_renderer.rb:40:in `block in render_template'
  actionpack (3.2.1) lib/action_view/renderer/template_renderer.rb:48:in `render_with_layout'
  actionpack (3.2.1) lib/action_view/renderer/template_renderer.rb:39:in `render_template'
  actionpack (3.2.1) lib/action_view/renderer/template_renderer.rb:12:in `render'
  actionpack (3.2.1) lib/action_view/renderer/renderer.rb:36:in `render_template'
  actionpack (3.2.1) lib/action_view/renderer/renderer.rb:17:in `render'
  actionpack (3.2.1) lib/abstract_controller/rendering.rb:109:in `_render_template'
  actionpack (3.2.1) lib/action_controller/metal/streaming.rb:225:in `_render_template'
  actionpack (3.2.1) lib/abstract_controller/rendering.rb:103:in `render_to_body'
  actionpack (3.2.1) lib/action_controller/metal/renderers.rb:28:in `render_to_body'
  actionpack (3.2.1) lib/action_controller/metal/compatibility.rb:50:in `render_to_body'
  actionpack (3.2.1) lib/abstract_controller/rendering.rb:88:in `render'
  actionpack (3.2.1) lib/action_controller/metal/rendering.rb:16:in `render'
  actionpack (3.2.1) lib/action_controller/metal/instrumentation.rb:40:in `block (2 levels) in render'
  activesupport (3.2.1) lib/active_support/core_ext/benchmark.rb:5:in `block in ms'
  /usr/lib/ruby/1.9.1/benchmark.rb:295:in `realtime'
  activesupport (3.2.1) lib/active_support/core_ext/benchmark.rb:5:in `ms'
  actionpack (3.2.1) lib/action_controller/metal/instrumentation.rb:40:in `block in render'
  actionpack (3.2.1) lib/action_controller/metal/instrumentation.rb:83:in `cleanup_view_runtime'
  activerecord (3.2.1) lib/active_record/railties/controller_runtime.rb:24:in `cleanup_view_runtime'
  actionpack (3.2.1) lib/action_controller/metal/instrumentation.rb:39:in `render'
  actionpack (3.2.1) lib/action_controller/metal/implicit_render.rb:10:in `default_render'
  actionpack (3.2.1) lib/action_controller/metal/implicit_render.rb:5:in `send_action'
  actionpack (3.2.1) lib/abstract_controller/base.rb:167:in `process_action'
  actionpack (3.2.1) lib/action_controller/metal/rendering.rb:10:in `process_action'
  actionpack (3.2.1) lib/abstract_controller/callbacks.rb:18:in `block in process_action'
  activesupport (3.2.1) lib/active_support/callbacks.rb:414:in `_run__1155815530695715338__process_action__4545771904444761120__callbacks'
  activesupport (3.2.1) lib/active_support/callbacks.rb:405:in `__run_callback'
  activesupport (3.2.1) lib/active_support/callbacks.rb:385:in `_run_process_action_callbacks'
  activesupport (3.2.1) lib/active_support/callbacks.rb:81:in `run_callbacks'
  actionpack (3.2.1) lib/abstract_controller/callbacks.rb:17:in `process_action'
  actionpack (3.2.1) lib/action_controller/metal/rescue.rb:29:in `process_action'
  actionpack (3.2.1) lib/action_controller/metal/instrumentation.rb:30:in `block in process_action'
  activesupport (3.2.1) lib/active_support/notifications.rb:123:in `block in instrument'
  activesupport (3.2.1) lib/active_support/notifications/instrumenter.rb:20:in `instrument'
  activesupport (3.2.1) lib/active_support/notifications.rb:123:in `instrument'
  actionpack (3.2.1) lib/action_controller/metal/instrumentation.rb:29:in `process_action'
  actionpack (3.2.1) lib/action_controller/metal/params_wrapper.rb:205:in `process_action'
  activerecord (3.2.1) lib/active_record/railties/controller_runtime.rb:18:in `process_action'
  actionpack (3.2.1) lib/abstract_controller/base.rb:121:in `process'
  actionpack (3.2.1) lib/abstract_controller/rendering.rb:45:in `process'
  actionpack (3.2.1) lib/action_controller/metal.rb:203:in `dispatch'
  actionpack (3.2.1) lib/action_controller/metal/rack_delegation.rb:14:in `dispatch'
  actionpack (3.2.1) lib/action_controller/metal.rb:246:in `block in action'
  actionpack (3.2.1) lib/action_dispatch/routing/route_set.rb:66:in `call'
  actionpack (3.2.1) lib/action_dispatch/routing/route_set.rb:66:in `dispatch'
  actionpack (3.2.1) lib/action_dispatch/routing/route_set.rb:30:in `call'
  journey (1.0.1) lib/journey/router.rb:68:in `block in call'
  journey (1.0.1) lib/journey/router.rb:56:in `each'
  journey (1.0.1) lib/journey/router.rb:56:in `call'
  actionpack (3.2.1) lib/action_dispatch/routing/route_set.rb:589:in `call'
  actionpack (3.2.1) lib/action_dispatch/middleware/best_standards_support.rb:17:in `call'
  rack (1.4.1) lib/rack/etag.rb:23:in `call'
  rack (1.4.1) lib/rack/conditionalget.rb:25:in `call'
  actionpack (3.2.1) lib/action_dispatch/middleware/head.rb:14:in `call'
  actionpack (3.2.1) lib/action_dispatch/middleware/params_parser.rb:21:in `call'
  actionpack (3.2.1) lib/action_dispatch/middleware/flash.rb:242:in `call'
  rack (1.4.1) lib/rack/session/abstract/id.rb:205:in `context'
  rack (1.4.1) lib/rack/session/abstract/id.rb:200:in `call'
  actionpack (3.2.1) lib/action_dispatch/middleware/cookies.rb:338:in `call'
  activerecord (3.2.1) lib/active_record/query_cache.rb:64:in `call'
  activerecord (3.2.1) lib/active_record/connection_adapters/abstract/connection_pool.rb:443:in `call'
  actionpack (3.2.1) lib/action_dispatch/middleware/callbacks.rb:28:in `block in call'
  activesupport (3.2.1) lib/active_support/callbacks.rb:405:in `_run__1920823675835532313__call__2085513171829894177__callbacks'
  activesupport (3.2.1) lib/active_support/callbacks.rb:405:in `__run_callback'
  activesupport (3.2.1) lib/active_support/callbacks.rb:385:in `_run_call_callbacks'
  activesupport (3.2.1) lib/active_support/callbacks.rb:81:in `run_callbacks'
  actionpack (3.2.1) lib/action_dispatch/middleware/callbacks.rb:27:in `call'
  actionpack (3.2.1) lib/action_dispatch/middleware/reloader.rb:65:in `call'
  actionpack (3.2.1) lib/action_dispatch/middleware/remote_ip.rb:31:in `call'
  actionpack (3.2.1) lib/action_dispatch/middleware/debug_exceptions.rb:16:in `call'
  actionpack (3.2.1) lib/action_dispatch/middleware/show_exceptions.rb:56:in `call'
  railties (3.2.1) lib/rails/rack/logger.rb:26:in `call_app'
  railties (3.2.1) lib/rails/rack/logger.rb:16:in `call'
  actionpack (3.2.1) lib/action_dispatch/middleware/request_id.rb:22:in `call'
  rack (1.4.1) lib/rack/methodoverride.rb:21:in `call'
  rack (1.4.1) lib/rack/runtime.rb:17:in `call'
  activesupport (3.2.1) lib/active_support/cache/strategy/local_cache.rb:72:in `call'
  rack (1.4.1) lib/rack/lock.rb:15:in `call'
  actionpack (3.2.1) lib/action_dispatch/middleware/static.rb:53:in `call'
  railties (3.2.1) lib/rails/engine.rb:479:in `call'
  railties (3.2.1) lib/rails/application.rb:220:in `call'
  railties (3.2.1) lib/rails/railtie/configurable.rb:30:in `method_missing'
  passenger (3.0.11) lib/phusion_passenger/rack/request_handler.rb:96:in `process_request'
  passenger (3.0.11) lib/phusion_passenger/abstract_request_handler.rb:513:in `accept_and_process_next_request'
  passenger (3.0.11) lib/phusion_passenger/abstract_request_handler.rb:274:in `main_loop'
  passenger (3.0.11) lib/phusion_passenger/rack/application_spawner.rb:206:in `start_request_handler'
  passenger (3.0.11) lib/phusion_passenger/rack/application_spawner.rb:171:in `block in handle_spawn_application'
  passenger (3.0.11) lib/phusion_passenger/utils.rb:479:in `safe_fork'
  passenger (3.0.11) lib/phusion_passenger/rack/application_spawner.rb:166:in `handle_spawn_application'
  passenger (3.0.11) lib/phusion_passenger/abstract_server.rb:357:in `server_main_loop'
  passenger (3.0.11) lib/phusion_passenger/abstract_server.rb:206:in `start_synchronously'
  passenger (3.0.11) lib/phusion_passenger/abstract_server.rb:180:in `start'
  passenger (3.0.11) lib/phusion_passenger/rack/application_spawner.rb:129:in `start'
  passenger (3.0.11) lib/phusion_passenger/spawn_manager.rb:253:in `block (2 levels) in spawn_rack_application'
  passenger (3.0.11) lib/phusion_passenger/abstract_server_collection.rb:132:in `lookup_or_add'
  passenger (3.0.11) lib/phusion_passenger/spawn_manager.rb:246:in `block in spawn_rack_application'
  passenger (3.0.11) lib/phusion_passenger/abstract_server_collection.rb:82:in `block in synchronize'
  <internal:prelude>:10:in `synchronize'
  passenger (3.0.11) lib/phusion_passenger/abstract_server_collection.rb:79:in `synchronize'
  passenger (3.0.11) lib/phusion_passenger/spawn_manager.rb:244:in `spawn_rack_application'
  passenger (3.0.11) lib/phusion_passenger/spawn_manager.rb:137:in `spawn_application'
  passenger (3.0.11) lib/phusion_passenger/spawn_manager.rb:275:in `handle_spawn_application'
  passenger (3.0.11) lib/phusion_passenger/abstract_server.rb:357:in `server_main_loop'
  passenger (3.0.11) lib/phusion_passenger/abstract_server.rb:206:in `start_synchronously'
  passenger (3.0.11) helper-scripts/passenger-spawn-server:99:in `<main>'


  Rendered /var/lib/gems/1.9.1/gems/actionpack-3.2.1/lib/action_dispatch/middleware/templates/rescues/_trace.erb (14.5ms)
  Rendered /var/lib/gems/1.9.1/gems/actionpack-3.2.1/lib/action_dispatch/middleware/templates/rescues/_request_and_response.erb (3.9ms)
  Rendered /var/lib/gems/1.9.1/gems/actionpack-3.2.1/lib/action_dispatch/middleware/templates/rescues/template_error.erb within rescues/layout (26.6ms)


Started GET "/" for 138.67.205.249 at 2012-02-15 23:44:32 -0700
Processing by ArticlesController#index as HTML
  [1m[36mPost Load (1.0ms)[0m  [1mSELECT "posts".* FROM "posts" ORDER BY time[0m
SQLite3::SQLException: no such column: time: SELECT "posts".* FROM "posts"  ORDER BY time
  Rendered articles/index.html.erb within layouts/application (17.9ms)
Completed 500 Internal Server Error in 24ms

ActionView::Template::Error (SQLite3::SQLException: no such column: time: SELECT "posts".* FROM "posts"  ORDER BY time):
    6: 
    7: <h>Articl.es</h1>
    8: 
    9: <% @posts.each do |posts| %>
    10:   <div>
    11:     <h3> <%= post.title %> </h3>
    12:     <h3> <%= post.name %> </h3>
  app/views/articles/index.html.erb:9:in `_app_views_articles_index_html_erb__3338964068355448676_32948080'


  Rendered /var/lib/gems/1.9.1/gems/actionpack-3.2.1/lib/action_dispatch/middleware/templates/rescues/_trace.erb (16.1ms)
  Rendered /var/lib/gems/1.9.1/gems/actionpack-3.2.1/lib/action_dispatch/middleware/templates/rescues/_request_and_response.erb (3.8ms)
  Rendered /var/lib/gems/1.9.1/gems/actionpack-3.2.1/lib/action_dispatch/middleware/templates/rescues/template_error.erb within rescues/layout (28.1ms)


Started GET "/" for 138.67.205.249 at 2012-02-15 23:45:04 -0700
Processing by ArticlesController#index as HTML
  [1m[35mPost Load (0.9ms)[0m  SELECT "posts".* FROM "posts" ORDER BY time
SQLite3::SQLException: no such column: time: SELECT "posts".* FROM "posts"  ORDER BY time
  Rendered articles/index.html.erb within layouts/application (6.6ms)
Completed 500 Internal Server Error in 13ms

ActionView::Template::Error (SQLite3::SQLException: no such column: time: SELECT "posts".* FROM "posts"  ORDER BY time):
    6: 
    7: <h>Articl.es</h1>
    8: 
    9: <% @posts.each do |posts| %>
    10:   <div>
    11:     <h3> <%= posts.title %> </h3>
    12:     <h3> <%= posts.name %> </h3>
  app/views/articles/index.html.erb:9:in `_app_views_articles_index_html_erb__3338964068355448676_34426040'


  Rendered /var/lib/gems/1.9.1/gems/actionpack-3.2.1/lib/action_dispatch/middleware/templates/rescues/_trace.erb (16.4ms)
  Rendered /var/lib/gems/1.9.1/gems/actionpack-3.2.1/lib/action_dispatch/middleware/templates/rescues/_request_and_response.erb (4.0ms)
  Rendered /var/lib/gems/1.9.1/gems/actionpack-3.2.1/lib/action_dispatch/middleware/templates/rescues/template_error.erb within rescues/layout (80.5ms)


Started GET "/" for 138.67.205.249 at 2012-02-15 23:45:29 -0700
Processing by ArticlesController#index as HTML
  [1m[36mPost Load (1.0ms)[0m  [1mSELECT "posts".* FROM "posts" ORDER BY time[0m
SQLite3::SQLException: no such column: time: SELECT "posts".* FROM "posts"  ORDER BY time
  Rendered articles/index.html.erb within layouts/application (6.8ms)
Completed 500 Internal Server Error in 13ms

ActionView::Template::Error (SQLite3::SQLException: no such column: time: SELECT "posts".* FROM "posts"  ORDER BY time):
    6: 
    7: <h>Articl.es</h1>
    8: 
    9: <% @posts.each do |posts| %>
    10:   <div>
    11:     <h3> <%= post.title %> </h3>
    12:     <h3> <%= post.name %> </h3>
  app/views/articles/index.html.erb:9:in `_app_views_articles_index_html_erb__3338964068355448676_35057000'


  Rendered /var/lib/gems/1.9.1/gems/actionpack-3.2.1/lib/action_dispatch/middleware/templates/rescues/_trace.erb (16.2ms)
  Rendered /var/lib/gems/1.9.1/gems/actionpack-3.2.1/lib/action_dispatch/middleware/templates/rescues/_request_and_response.erb (3.8ms)
  Rendered /var/lib/gems/1.9.1/gems/actionpack-3.2.1/lib/action_dispatch/middleware/templates/rescues/template_error.erb within rescues/layout (28.3ms)


Started GET "/" for 138.67.205.249 at 2012-02-15 23:47:30 -0700
Processing by ArticlesController#index as HTML
  [1m[35mPost Load (0.4ms)[0m  SELECT "posts".* FROM "posts" ORDER BY title
  Rendered articles/index.html.erb within layouts/application (6.5ms)
Completed 200 OK in 47ms (Views: 31.2ms | ActiveRecord: 2.2ms)


Started GET "/assets/application.css?body=1" for 138.67.205.249 at 2012-02-15 23:47:30 -0700
Served asset /application.css - 304 Not Modified (2ms)


Started GET "/assets/articles.css?body=1" for 138.67.205.249 at 2012-02-15 23:47:30 -0700
Served asset /articles.css - 304 Not Modified (0ms)


Started GET "/assets/posts.css?body=1" for 138.67.205.249 at 2012-02-15 23:47:30 -0700
Served asset /posts.css - 304 Not Modified (0ms)


Started GET "/assets/scaffolds.css?body=1" for 138.67.205.249 at 2012-02-15 23:47:30 -0700
Served asset /scaffolds.css - 304 Not Modified (0ms)


Started GET "/assets/jquery.js?body=1" for 138.67.205.249 at 2012-02-15 23:47:30 -0700
Served asset /jquery.js - 304 Not Modified (2ms)


Started GET "/assets/jquery_ujs.js?body=1" for 138.67.205.249 at 2012-02-15 23:47:30 -0700
Served asset /jquery_ujs.js - 304 Not Modified (0ms)


Started GET "/assets/articles.js?body=1" for 138.67.205.249 at 2012-02-15 23:47:30 -0700
Served asset /articles.js - 304 Not Modified (0ms)


Started GET "/assets/application.js?body=1" for 138.67.205.249 at 2012-02-15 23:47:30 -0700
Served asset /application.js - 304 Not Modified (4ms)


Started GET "/assets/posts.js?body=1" for 138.67.205.249 at 2012-02-15 23:47:30 -0700
Served asset /posts.js - 304 Not Modified (0ms)


Started GET "/posts" for 138.67.205.249 at 2012-02-15 23:47:43 -0700
Processing by PostsController#index as HTML
  [1m[36mPost Load (0.5ms)[0m  [1mSELECT "posts".* FROM "posts" [0m
  Rendered posts/index.html.erb within layouts/application (58.6ms)
Completed 200 OK in 169ms (Views: 162.7ms | ActiveRecord: 0.5ms)


Started GET "/assets/articles.css?body=1" for 138.67.205.249 at 2012-02-15 23:47:44 -0700


Started GET "/assets/application.css?body=1" for 138.67.205.249 at 2012-02-15 23:47:44 -0700
Served asset /articles.css - 304 Not Modified (0ms)


Started GET "/assets/posts.css?body=1" for 138.67.205.249 at 2012-02-15 23:47:44 -0700
Served asset /posts.css - 304 Not Modified (0ms)


Started GET "/assets/jquery_ujs.js?body=1" for 138.67.205.249 at 2012-02-15 23:47:44 -0700
Served asset /jquery_ujs.js - 304 Not Modified (0ms)


Started GET "/assets/scaffolds.css?body=1" for 138.67.205.249 at 2012-02-15 23:47:44 -0700
Served asset /scaffolds.css - 304 Not Modified (0ms)
Served asset /application.css - 304 Not Modified (31ms)


Started GET "/assets/articles.js?body=1" for 138.67.205.249 at 2012-02-15 23:47:44 -0700


Started GET "/assets/posts.js?body=1" for 138.67.205.249 at 2012-02-15 23:47:44 -0700
Served asset /articles.js - 304 Not Modified (1ms)


Started GET "/assets/application.js?body=1" for 138.67.205.249 at 2012-02-15 23:47:44 -0700
Served asset /posts.js - 304 Not Modified (8ms)
Served asset /application.js - 304 Not Modified (4ms)


Started GET "/assets/jquery.js?body=1" for 138.67.205.249 at 2012-02-15 23:47:46 -0700
Served asset /jquery.js - 304 Not Modified (18ms)


Started GET "/" for 138.67.205.249 at 2012-02-15 23:48:47 -0700
Processing by ArticlesController#index as HTML
  [1m[36mPost Load (0.5ms)[0m  [1mSELECT "posts".* FROM "posts" ORDER BY title[0m
  Rendered articles/index.html.erb within layouts/application (69.8ms)
Completed 200 OK in 333ms (Views: 156.2ms | ActiveRecord: 7.7ms)


Started GET "/assets/application.css?body=1" for 138.67.205.249 at 2012-02-15 23:48:48 -0700


Started GET "/assets/jquery.js?body=1" for 138.67.205.249 at 2012-02-15 23:48:48 -0700


Started GET "/assets/posts.css?body=1" for 138.67.205.249 at 2012-02-15 23:48:48 -0700
Served asset /jquery.js - 304 Not Modified (3ms)


Started GET "/assets/articles.css?body=1" for 138.67.205.249 at 2012-02-15 23:48:48 -0700
Served asset /articles.css - 304 Not Modified (0ms)
Served asset /posts.css - 304 Not Modified (9ms)


Started GET "/assets/jquery_ujs.js?body=1" for 138.67.205.249 at 2012-02-15 23:48:48 -0700
Served asset /application.css - 304 Not Modified (28ms)


Started GET "/assets/articles.js?body=1" for 138.67.205.249 at 2012-02-15 23:48:48 -0700
Served asset /jquery_ujs.js - 304 Not Modified (1ms)


Started GET "/assets/posts.js?body=1" for 138.67.205.249 at 2012-02-15 23:48:48 -0700
Served asset /articles.js - 304 Not Modified (9ms)
Served asset /posts.js - 304 Not Modified (1ms)


Started GET "/assets/scaffolds.css?body=1" for 138.67.205.249 at 2012-02-15 23:48:49 -0700
Served asset /scaffolds.css - 304 Not Modified (16ms)


Started GET "/assets/application.js?body=1" for 138.67.205.249 at 2012-02-15 23:48:51 -0700
Served asset /application.js - 304 Not Modified (32ms)


Started GET "/" for 138.67.200.114 at 2012-02-16 17:34:56 -0700
Processing by ArticlesController#index as HTML
  [1m[36mPost Load (0.5ms)[0m  [1mSELECT "posts".* FROM "posts" ORDER BY title[0m
  Rendered articles/index.html.erb within layouts/application (70.3ms)
Completed 200 OK in 337ms (Views: 157.3ms | ActiveRecord: 7.6ms)


Started GET "/assets/application.css?body=1" for 138.67.200.114 at 2012-02-16 17:34:57 -0700
Served asset /application.css - 304 Not Modified (18ms)


Started GET "/assets/articles.css?body=1" for 138.67.200.114 at 2012-02-16 17:34:57 -0700
Served asset /articles.css - 304 Not Modified (5ms)


Started GET "/assets/scaffolds.css?body=1" for 138.67.200.114 at 2012-02-16 17:34:57 -0700
Served asset /scaffolds.css - 304 Not Modified (5ms)


Started GET "/assets/posts.css?body=1" for 138.67.200.114 at 2012-02-16 17:34:57 -0700
Served asset /posts.css - 304 Not Modified (5ms)


Started GET "/assets/jquery.js?body=1" for 138.67.200.114 at 2012-02-16 17:34:57 -0700
Served asset /jquery.js - 304 Not Modified (10ms)


Started GET "/assets/jquery_ujs.js?body=1" for 138.67.200.114 at 2012-02-16 17:34:57 -0700
Served asset /jquery_ujs.js - 304 Not Modified (7ms)


Started GET "/assets/articles.js?body=1" for 138.67.200.114 at 2012-02-16 17:34:57 -0700
Served asset /articles.js - 304 Not Modified (5ms)


Started GET "/assets/posts.js?body=1" for 138.67.200.114 at 2012-02-16 17:34:57 -0700
Served asset /posts.js - 304 Not Modified (5ms)


Started GET "/assets/application.js?body=1" for 138.67.200.114 at 2012-02-16 17:34:57 -0700
Served asset /application.js - 304 Not Modified (4ms)


Started GET "/" for 138.67.200.114 at 2012-02-16 17:34:59 -0700
Processing by ArticlesController#index as HTML
  [1m[35mPost Load (0.6ms)[0m  SELECT "posts".* FROM "posts" ORDER BY title
  Rendered articles/index.html.erb within layouts/application (3.0ms)
Completed 200 OK in 32ms (Views: 30.8ms | ActiveRecord: 0.6ms)


Started GET "/assets/application.css?body=1" for 138.67.200.114 at 2012-02-16 17:34:59 -0700
Served asset /application.css - 304 Not Modified (2ms)


Started GET "/assets/articles.css?body=1" for 138.67.200.114 at 2012-02-16 17:34:59 -0700
Served asset /articles.css - 304 Not Modified (0ms)


Started GET "/assets/posts.css?body=1" for 138.67.200.114 at 2012-02-16 17:34:59 -0700
Served asset /posts.css - 304 Not Modified (0ms)


Started GET "/assets/scaffolds.css?body=1" for 138.67.200.114 at 2012-02-16 17:34:59 -0700
Served asset /scaffolds.css - 304 Not Modified (0ms)


Started GET "/assets/jquery.js?body=1" for 138.67.200.114 at 2012-02-16 17:34:59 -0700
Served asset /jquery.js - 304 Not Modified (63ms)


Started GET "/assets/jquery_ujs.js?body=1" for 138.67.200.114 at 2012-02-16 17:34:59 -0700
Served asset /jquery_ujs.js - 304 Not Modified (1ms)


Started GET "/assets/articles.js?body=1" for 138.67.200.114 at 2012-02-16 17:34:59 -0700
Served asset /articles.js - 304 Not Modified (0ms)


Started GET "/assets/posts.js?body=1" for 138.67.200.114 at 2012-02-16 17:34:59 -0700
Served asset /posts.js - 304 Not Modified (0ms)


Started GET "/assets/application.js?body=1" for 138.67.200.114 at 2012-02-16 17:34:59 -0700
Served asset /application.js - 304 Not Modified (4ms)


Started GET "/posts" for 138.67.200.114 at 2012-02-16 17:35:05 -0700
Processing by PostsController#index as HTML
  [1m[36mPost Load (0.5ms)[0m  [1mSELECT "posts".* FROM "posts" [0m
  Rendered posts/index.html.erb within layouts/application (12.1ms)
Completed 200 OK in 168ms (Views: 162.4ms | ActiveRecord: 0.5ms)


Started GET "/assets/application.css?body=1" for 138.67.200.114 at 2012-02-16 17:35:05 -0700
Served asset /application.css - 304 Not Modified (19ms)


Started GET "/assets/articles.css?body=1" for 138.67.200.114 at 2012-02-16 17:35:05 -0700


Started GET "/assets/posts.css?body=1" for 138.67.200.114 at 2012-02-16 17:35:05 -0700
Served asset /articles.css - 304 Not Modified (0ms)


Started GET "/assets/scaffolds.css?body=1" for 138.67.200.114 at 2012-02-16 17:35:05 -0700
Served asset /scaffolds.css - 304 Not Modified (1ms)
Served asset /posts.css - 304 Not Modified (7ms)


Started GET "/assets/jquery_ujs.js?body=1" for 138.67.200.114 at 2012-02-16 17:35:05 -0700


Started GET "/assets/jquery.js?body=1" for 138.67.200.114 at 2012-02-16 17:35:05 -0700
Served asset /jquery.js - 304 Not Modified (3ms)


Started GET "/assets/posts.js?body=1" for 138.67.200.114 at 2012-02-16 17:35:05 -0700
Served asset /jquery_ujs.js - 304 Not Modified (12ms)


Started GET "/assets/application.js?body=1" for 138.67.200.114 at 2012-02-16 17:35:05 -0700
Served asset /posts.js - 304 Not Modified (1ms)
Served asset /application.js - 304 Not Modified (40ms)


Started GET "/assets/articles.js?body=1" for 138.67.200.114 at 2012-02-16 17:35:08 -0700
Served asset /articles.js - 304 Not Modified (14ms)


Started GET "/" for 138.67.200.114 at 2012-02-16 17:36:11 -0700
Processing by ArticlesController#index as HTML
  [1m[36mPost Load (0.5ms)[0m  [1mSELECT "posts".* FROM "posts" ORDER BY title[0m
  Rendered articles/index.html.erb within layouts/application (70.3ms)
Completed 200 OK in 337ms (Views: 157.6ms | ActiveRecord: 7.6ms)


Started GET "/assets/scaffolds.css?body=1" for 138.67.200.114 at 2012-02-16 17:36:11 -0700


Started GET "/assets/posts.css?body=1" for 138.67.200.114 at 2012-02-16 17:36:11 -0700


Started GET "/assets/application.css?body=1" for 138.67.200.114 at 2012-02-16 17:36:11 -0700
Served asset /application.css - 304 Not Modified (32ms)


Started GET "/assets/jquery_ujs.js?body=1" for 138.67.200.114 at 2012-02-16 17:36:11 -0700
Served asset /jquery_ujs.js - 304 Not Modified (12ms)


Started GET "/assets/jquery.js?body=1" for 138.67.200.114 at 2012-02-16 17:36:12 -0700
Served asset /jquery.js - 304 Not Modified (21ms)
Served asset /posts.css - 304 Not Modified (1ms)
Served asset /scaffolds.css - 304 Not Modified (1ms)


Started GET "/assets/posts.js?body=1" for 138.67.200.114 at 2012-02-16 17:36:12 -0700


Started GET "/assets/articles.js?body=1" for 138.67.200.114 at 2012-02-16 17:36:12 -0700
Served asset /articles.js - 304 Not Modified (2ms)
Served asset /posts.js - 304 Not Modified (13ms)


Started GET "/assets/articles.css?body=1" for 138.67.200.114 at 2012-02-16 17:36:14 -0700


Started GET "/assets/application.js?body=1" for 138.67.200.114 at 2012-02-16 17:36:14 -0700
Served asset /articles.css - 304 Not Modified (15ms)
Served asset /application.js - 304 Not Modified (32ms)


Started GET "/" for 138.67.200.114 at 2012-02-16 17:36:42 -0700
Processing by PostsController#index as HTML
  [1m[36mPost Load (0.5ms)[0m  [1mSELECT "posts".* FROM "posts" [0m
  Rendered posts/index.html.erb within layouts/application (11.8ms)
Completed 200 OK in 159ms (Views: 153.6ms | ActiveRecord: 0.5ms)


Started GET "/assets/posts.css?body=1" for 138.67.200.114 at 2012-02-16 17:36:42 -0700


Started GET "/assets/jquery.js?body=1" for 138.67.200.114 at 2012-02-16 17:36:42 -0700


Started GET "/assets/scaffolds.css?body=1" for 138.67.200.114 at 2012-02-16 17:36:42 -0700


Started GET "/assets/articles.css?body=1" for 138.67.200.114 at 2012-02-16 17:36:42 -0700


Started GET "/assets/application.css?body=1" for 138.67.200.114 at 2012-02-16 17:36:42 -0700
Served asset /application.css - 304 Not Modified (50ms)


Started GET "/assets/jquery_ujs.js?body=1" for 138.67.200.114 at 2012-02-16 17:36:43 -0700
Served asset /jquery_ujs.js - 304 Not Modified (23ms)
Served asset /jquery.js - 304 Not Modified (3ms)
Served asset /scaffolds.css - 304 Not Modified (7ms)
Served asset /articles.css - 304 Not Modified (10ms)


Started GET "/assets/posts.js?body=1" for 138.67.200.114 at 2012-02-16 17:36:43 -0700


Started GET "/assets/articles.js?body=1" for 138.67.200.114 at 2012-02-16 17:36:43 -0700


Started GET "/assets/application.js?body=1" for 138.67.200.114 at 2012-02-16 17:36:43 -0700
Served asset /posts.css - 304 Not Modified (8ms)
Served asset /articles.js - 304 Not Modified (5ms)
Served asset /application.js - 304 Not Modified (7ms)
Served asset /posts.js - 304 Not Modified (8ms)


Started GET "/posts" for 138.67.200.114 at 2012-02-16 17:36:48 -0700
Processing by PostsController#index as HTML
  [1m[35mPost Load (0.5ms)[0m  SELECT "posts".* FROM "posts" 
  Rendered posts/index.html.erb within layouts/application (4.5ms)
Completed 200 OK in 93ms (Views: 32.8ms | ActiveRecord: 0.5ms)


Started GET "/assets/application.css?body=1" for 138.67.200.114 at 2012-02-16 17:36:48 -0700
Served asset /application.css - 304 Not Modified (2ms)


Started GET "/assets/posts.css?body=1" for 138.67.200.114 at 2012-02-16 17:36:48 -0700


Started GET "/assets/scaffolds.css?body=1" for 138.67.200.114 at 2012-02-16 17:36:48 -0700


Started GET "/assets/jquery_ujs.js?body=1" for 138.67.200.114 at 2012-02-16 17:36:48 -0700


Started GET "/assets/jquery.js?body=1" for 138.67.200.114 at 2012-02-16 17:36:48 -0700
Served asset /posts.css - 304 Not Modified (1ms)


Started GET "/assets/articles.js?body=1" for 138.67.200.114 at 2012-02-16 17:36:48 -0700
Served asset /scaffolds.css - 304 Not Modified (8ms)


Started GET "/assets/articles.css?body=1" for 138.67.200.114 at 2012-02-16 17:36:48 -0700
Served asset /articles.js - 304 Not Modified (1ms)
Served asset /jquery.js - 304 Not Modified (14ms)
Served asset /jquery_ujs.js - 304 Not Modified (15ms)
Served asset /articles.css - 304 Not Modified (7ms)


Started GET "/assets/posts.js?body=1" for 138.67.200.114 at 2012-02-16 17:36:48 -0700


Started GET "/assets/application.js?body=1" for 138.67.200.114 at 2012-02-16 17:36:48 -0700
Served asset /posts.js - 304 Not Modified (7ms)
Served asset /application.js - 304 Not Modified (22ms)
